{"/Users/gdhanasekar/Documents/New project/client-management-frontend/src/app/app.ts": {"path":"/Users/gdhanasekar/Documents/New project/client-management-frontend/src/app/app.ts","statementMap":{"0":{"start":{"line":1,"column":0},"end":{"line":1,"column":50}},"1":{"start":{"line":2,"column":0},"end":{"line":2,"column":77}},"2":{"start":{"line":3,"column":0},"end":{"line":3,"column":47}},"3":{"start":{"line":4,"column":0},"end":{"line":4,"column":94}},"4":{"start":{"line":5,"column":0},"end":{"line":5,"column":106}},"5":{"start":{"line":13,"column":7},"end":{"line":15,"column":null}},"6":{"start":{"line":14,"column":29},"end":{"line":14,"column":63}},"7":{"start":{"line":13,"column":13},"end":{"line":13,"column":16}},"8":{"start":{"line":13,"column":13},"end":{"line":15,"column":null}}},"fnMap":{},"branchMap":{},"s":{"0":1,"1":1,"2":1,"3":1,"4":1,"5":1,"6":2,"7":1,"8":1},"f":{},"b":{}}
,"/Users/gdhanasekar/Documents/New project/client-management-frontend/src/app/components/client-detail-modal/client-detail-modal.component.ts": {"path":"/Users/gdhanasekar/Documents/New project/client-management-frontend/src/app/components/client-detail-modal/client-detail-modal.component.ts","statementMap":{"0":{"start":{"line":1,"column":0},"end":{"line":1,"column":66}},"1":{"start":{"line":2,"column":0},"end":{"line":2,"column":47}},"2":{"start":{"line":3,"column":0},"end":{"line":3,"column":45}},"3":{"start":{"line":4,"column":0},"end":{"line":4,"column":73}},"4":{"start":{"line":5,"column":0},"end":{"line":5,"column":62}},"5":{"start":{"line":7,"column":0},"end":{"line":7,"column":67}},"6":{"start":{"line":17,"column":25},"end":{"line":17,"column":51}},"7":{"start":{"line":18,"column":26},"end":{"line":18,"column":47}},"8":{"start":{"line":19,"column":19},"end":{"line":19,"column":40}},"9":{"start":{"line":21,"column":11},"end":{"line":21,"column":35}},"10":{"start":{"line":22,"column":13},"end":{"line":22,"column":39}},"11":{"start":{"line":24,"column":11},"end":{"line":24,"column":38}},"12":{"start":{"line":25,"column":12},"end":{"line":25,"column":25}},"13":{"start":{"line":26,"column":10},"end":{"line":26,"column":37}},"14":{"start":{"line":30,"column":4},"end":{"line":35,"column":7}},"15":{"start":{"line":31,"column":17},"end":{"line":31,"column":32}},"16":{"start":{"line":32,"column":6},"end":{"line":34,"column":7}},"17":{"start":{"line":33,"column":8},"end":{"line":33,"column":28}},"18":{"start":{"line":39,"column":4},"end":{"line":39,"column":27}},"19":{"start":{"line":40,"column":4},"end":{"line":40,"column":25}},"20":{"start":{"line":42,"column":4},"end":{"line":53,"column":7}},"21":{"start":{"line":44,"column":8},"end":{"line":44,"column":32}},"22":{"start":{"line":45,"column":8},"end":{"line":45,"column":32}},"23":{"start":{"line":46,"column":8},"end":{"line":46,"column":67}},"24":{"start":{"line":49,"column":8},"end":{"line":49,"column":75}},"25":{"start":{"line":50,"column":8},"end":{"line":50,"column":32}},"26":{"start":{"line":51,"column":8},"end":{"line":51,"column":72}},"27":{"start":{"line":57,"column":4},"end":{"line":57,"column":30}},"28":{"start":{"line":58,"column":4},"end":{"line":58,"column":26}},"29":{"start":{"line":59,"column":4},"end":{"line":59,"column":25}},"30":{"start":{"line":63,"column":4},"end":{"line":65,"column":5}},"31":{"start":{"line":64,"column":6},"end":{"line":64,"column":24}},"32":{"start":{"line":16,"column":13},"end":{"line":16,"column":39}},"33":{"start":{"line":16,"column":13},"end":{"line":67,"column":null}}},"fnMap":{"0":{"name":"(anonymous_0)","decl":{"start":{"line":28,"column":2},"end":{"line":28,"column":null}},"loc":{"start":{"line":28,"column":2},"end":{"line":36,"column":3}}},"1":{"name":"(anonymous_1)","decl":{"start":{"line":30,"column":11},"end":{"line":30,"column":14}},"loc":{"start":{"line":30,"column":16},"end":{"line":35,"column":5}}},"2":{"name":"(anonymous_2)","decl":{"start":{"line":38,"column":2},"end":{"line":38,"column":12}},"loc":{"start":{"line":38,"column":23},"end":{"line":54,"column":3}}},"3":{"name":"(anonymous_3)","decl":{"start":{"line":43,"column":12},"end":{"line":43,"column":13}},"loc":{"start":{"line":43,"column":23},"end":{"line":47,"column":7}}},"4":{"name":"(anonymous_4)","decl":{"start":{"line":48,"column":13},"end":{"line":48,"column":14}},"loc":{"start":{"line":48,"column":21},"end":{"line":52,"column":7}}},"5":{"name":"(anonymous_5)","decl":{"start":{"line":56,"column":2},"end":{"line":56,"column":12}},"loc":{"start":{"line":56,"column":12},"end":{"line":60,"column":3}}},"6":{"name":"(anonymous_6)","decl":{"start":{"line":62,"column":2},"end":{"line":62,"column":17}},"loc":{"start":{"line":62,"column":35},"end":{"line":66,"column":3}}}},"branchMap":{"0":{"loc":{"start":{"line":32,"column":6},"end":{"line":34,"column":7}},"type":"if","locations":[{"start":{"line":32,"column":6},"end":{"line":34,"column":7}},{"start":{},"end":{}}]},"1":{"loc":{"start":{"line":32,"column":10},"end":{"line":32,"column":29}},"type":"binary-expr","locations":[{"start":{"line":32,"column":10},"end":{"line":32,"column":12}},{"start":{"line":32,"column":16},"end":{"line":32,"column":29}}]},"2":{"loc":{"start":{"line":63,"column":4},"end":{"line":65,"column":5}},"type":"if","locations":[{"start":{"line":63,"column":4},"end":{"line":65,"column":5}},{"start":{},"end":{}}]}},"s":{"0":2,"1":2,"2":2,"3":2,"4":2,"5":2,"6":12,"7":12,"8":12,"9":12,"10":12,"11":12,"12":12,"13":12,"14":12,"15":12,"16":12,"17":0,"18":3,"19":3,"20":3,"21":2,"22":2,"23":2,"24":1,"25":1,"26":1,"27":2,"28":2,"29":2,"30":2,"31":1,"32":2,"33":2},"f":{"0":12,"1":12,"2":3,"3":2,"4":1,"5":2,"6":2},"b":{"0":[0,12],"1":[12,0],"2":[1,1]}}
,"/Users/gdhanasekar/Documents/New project/client-management-frontend/src/app/components/client-form/client-form.component.ts": {"path":"/Users/gdhanasekar/Documents/New project/client-management-frontend/src/app/components/client-form/client-form.component.ts","statementMap":{"0":{"start":{"line":1,"column":0},"end":{"line":1,"column":66}},"1":{"start":{"line":2,"column":0},"end":{"line":2,"column":47}},"2":{"start":{"line":3,"column":0},"end":{"line":3,"column":89}},"3":{"start":{"line":4,"column":0},"end":{"line":4,"column":69}},"4":{"start":{"line":5,"column":0},"end":{"line":5,"column":62}},"5":{"start":{"line":7,"column":0},"end":{"line":7,"column":67}},"6":{"start":{"line":8,"column":0},"end":{"line":8,"column":79}},"7":{"start":{"line":17,"column":7},"end":{"line":166,"column":null}},"8":{"start":{"line":18,"column":15},"end":{"line":18,"column":34}},"9":{"start":{"line":19,"column":26},"end":{"line":19,"column":47}},"10":{"start":{"line":20,"column":19},"end":{"line":20,"column":33}},"11":{"start":{"line":21,"column":18},"end":{"line":21,"column":40}},"12":{"start":{"line":22,"column":19},"end":{"line":22,"column":40}},"13":{"start":{"line":23,"column":32},"end":{"line":23,"column":59}},"14":{"start":{"line":26,"column":15},"end":{"line":26,"column":28}},"15":{"start":{"line":27,"column":13},"end":{"line":27,"column":40}},"16":{"start":{"line":28,"column":12},"end":{"line":28,"column":25}},"17":{"start":{"line":29,"column":10},"end":{"line":29,"column":37}},"18":{"start":{"line":30,"column":27},"end":{"line":30,"column":29}},"19":{"start":{"line":34,"column":4},"end":{"line":36,"column":7}},"20":{"start":{"line":35,"column":6},"end":{"line":35,"column":45}},"21":{"start":{"line":38,"column":4},"end":{"line":38,"column":20}},"22":{"start":{"line":39,"column":4},"end":{"line":39,"column":25}},"23":{"start":{"line":43,"column":4},"end":{"line":50,"column":7}},"24":{"start":{"line":54,"column":15},"end":{"line":54,"column":53}},"25":{"start":{"line":55,"column":4},"end":{"line":59,"column":5}},"26":{"start":{"line":56,"column":6},"end":{"line":56,"column":32}},"27":{"start":{"line":57,"column":6},"end":{"line":57,"column":29}},"28":{"start":{"line":58,"column":6},"end":{"line":58,"column":27}},"29":{"start":{"line":63,"column":4},"end":{"line":63,"column":27}},"30":{"start":{"line":64,"column":4},"end":{"line":75,"column":7}},"31":{"start":{"line":66,"column":8},"end":{"line":66,"column":43}},"32":{"start":{"line":67,"column":8},"end":{"line":67,"column":32}},"33":{"start":{"line":68,"column":8},"end":{"line":68,"column":62}},"34":{"start":{"line":71,"column":8},"end":{"line":71,"column":54}},"35":{"start":{"line":72,"column":8},"end":{"line":72,"column":32}},"36":{"start":{"line":73,"column":8},"end":{"line":73,"column":55}},"37":{"start":{"line":79,"column":4},"end":{"line":82,"column":5}},"38":{"start":{"line":80,"column":6},"end":{"line":80,"column":49}},"39":{"start":{"line":81,"column":6},"end":{"line":81,"column":13}},"40":{"start":{"line":84,"column":4},"end":{"line":84,"column":27}},"41":{"start":{"line":85,"column":4},"end":{"line":85,"column":25}},"42":{"start":{"line":87,"column":31},"end":{"line":87,"column":52}},"43":{"start":{"line":89,"column":4},"end":{"line":93,"column":5}},"44":{"start":{"line":90,"column":6},"end":{"line":90,"column":54}},"45":{"start":{"line":92,"column":6},"end":{"line":92,"column":36}},"46":{"start":{"line":97,"column":4},"end":{"line":108,"column":7}},"47":{"start":{"line":99,"column":8},"end":{"line":99,"column":67}},"48":{"start":{"line":100,"column":8},"end":{"line":100,"column":73}},"49":{"start":{"line":101,"column":8},"end":{"line":101,"column":30}},"50":{"start":{"line":104,"column":8},"end":{"line":104,"column":69}},"51":{"start":{"line":105,"column":8},"end":{"line":105,"column":32}},"52":{"start":{"line":106,"column":8},"end":{"line":106,"column":56}},"53":{"start":{"line":112,"column":4},"end":{"line":123,"column":7}},"54":{"start":{"line":114,"column":8},"end":{"line":114,"column":71}},"55":{"start":{"line":115,"column":8},"end":{"line":115,"column":73}},"56":{"start":{"line":116,"column":8},"end":{"line":116,"column":30}},"57":{"start":{"line":119,"column":8},"end":{"line":119,"column":69}},"58":{"start":{"line":120,"column":8},"end":{"line":120,"column":32}},"59":{"start":{"line":121,"column":8},"end":{"line":121,"column":56}},"60":{"start":{"line":127,"column":4},"end":{"line":130,"column":7}},"61":{"start":{"line":128,"column":22},"end":{"line":128,"column":40}},"62":{"start":{"line":129,"column":6},"end":{"line":129,"column":31}},"63":{"start":{"line":134,"column":18},"end":{"line":134,"column":48}},"64":{"start":{"line":135,"column":4},"end":{"line":135,"column":55}},"65":{"start":{"line":139,"column":18},"end":{"line":139,"column":48}},"66":{"start":{"line":140,"column":4},"end":{"line":142,"column":5}},"67":{"start":{"line":141,"column":6},"end":{"line":141,"column":16}},"68":{"start":{"line":144,"column":4},"end":{"line":146,"column":5}},"69":{"start":{"line":145,"column":6},"end":{"line":145,"column":38}},"70":{"start":{"line":147,"column":4},"end":{"line":149,"column":5}},"71":{"start":{"line":148,"column":6},"end":{"line":148,"column":50}},"72":{"start":{"line":150,"column":4},"end":{"line":152,"column":5}},"73":{"start":{"line":151,"column":6},"end":{"line":151,"column":77}},"74":{"start":{"line":154,"column":4},"end":{"line":154,"column":27}},"75":{"start":{"line":158,"column":4},"end":{"line":158,"column":26}},"76":{"start":{"line":162,"column":4},"end":{"line":164,"column":7}},"77":{"start":{"line":17,"column":13},"end":{"line":17,"column":32}},"78":{"start":{"line":17,"column":13},"end":{"line":166,"column":null}}},"fnMap":{"0":{"name":"(anonymous_0)","decl":{"start":{"line":32,"column":2},"end":{"line":32,"column":10}},"loc":{"start":{"line":32,"column":10},"end":{"line":40,"column":3}}},"1":{"name":"(anonymous_1)","decl":{"start":{"line":34,"column":37},"end":{"line":34,"column":43}},"loc":{"start":{"line":34,"column":46},"end":{"line":36,"column":5}}},"2":{"name":"(anonymous_2)","decl":{"start":{"line":42,"column":10},"end":{"line":42,"column":18}},"loc":{"start":{"line":42,"column":18},"end":{"line":51,"column":3}}},"3":{"name":"(anonymous_3)","decl":{"start":{"line":53,"column":10},"end":{"line":53,"column":23}},"loc":{"start":{"line":53,"column":23},"end":{"line":60,"column":3}}},"4":{"name":"(anonymous_4)","decl":{"start":{"line":62,"column":10},"end":{"line":62,"column":20}},"loc":{"start":{"line":62,"column":31},"end":{"line":76,"column":3}}},"5":{"name":"(anonymous_5)","decl":{"start":{"line":65,"column":12},"end":{"line":65,"column":13}},"loc":{"start":{"line":65,"column":23},"end":{"line":69,"column":7}}},"6":{"name":"(anonymous_6)","decl":{"start":{"line":70,"column":13},"end":{"line":70,"column":14}},"loc":{"start":{"line":70,"column":21},"end":{"line":74,"column":7}}},"7":{"name":"(anonymous_7)","decl":{"start":{"line":78,"column":2},"end":{"line":78,"column":10}},"loc":{"start":{"line":78,"column":10},"end":{"line":94,"column":3}}},"8":{"name":"(anonymous_8)","decl":{"start":{"line":96,"column":10},"end":{"line":96,"column":22}},"loc":{"start":{"line":96,"column":37},"end":{"line":109,"column":3}}},"9":{"name":"(anonymous_9)","decl":{"start":{"line":98,"column":12},"end":{"line":98,"column":13}},"loc":{"start":{"line":98,"column":26},"end":{"line":102,"column":7}}},"10":{"name":"(anonymous_10)","decl":{"start":{"line":103,"column":13},"end":{"line":103,"column":14}},"loc":{"start":{"line":103,"column":21},"end":{"line":107,"column":7}}},"11":{"name":"(anonymous_11)","decl":{"start":{"line":111,"column":10},"end":{"line":111,"column":22}},"loc":{"start":{"line":111,"column":49},"end":{"line":124,"column":3}}},"12":{"name":"(anonymous_12)","decl":{"start":{"line":113,"column":12},"end":{"line":113,"column":13}},"loc":{"start":{"line":113,"column":30},"end":{"line":117,"column":7}}},"13":{"name":"(anonymous_13)","decl":{"start":{"line":118,"column":13},"end":{"line":118,"column":14}},"loc":{"start":{"line":118,"column":21},"end":{"line":122,"column":7}}},"14":{"name":"(anonymous_14)","decl":{"start":{"line":126,"column":10},"end":{"line":126,"column":30}},"loc":{"start":{"line":126,"column":51},"end":{"line":131,"column":3}}},"15":{"name":"(anonymous_15)","decl":{"start":{"line":127,"column":44},"end":{"line":127,"column":47}},"loc":{"start":{"line":127,"column":50},"end":{"line":130,"column":5}}},"16":{"name":"(anonymous_16)","decl":{"start":{"line":133,"column":2},"end":{"line":133,"column":16}},"loc":{"start":{"line":133,"column":34},"end":{"line":136,"column":3}}},"17":{"name":"(anonymous_17)","decl":{"start":{"line":138,"column":2},"end":{"line":138,"column":15}},"loc":{"start":{"line":138,"column":33},"end":{"line":155,"column":3}}},"18":{"name":"(anonymous_18)","decl":{"start":{"line":157,"column":2},"end":{"line":157,"column":10}},"loc":{"start":{"line":157,"column":10},"end":{"line":159,"column":3}}},"19":{"name":"(anonymous_19)","decl":{"start":{"line":161,"column":2},"end":{"line":161,"column":16}},"loc":{"start":{"line":161,"column":16},"end":{"line":165,"column":3}}}},"branchMap":{"0":{"loc":{"start":{"line":55,"column":4},"end":{"line":59,"column":5}},"type":"if","locations":[{"start":{"line":55,"column":4},"end":{"line":59,"column":5}},{"start":{},"end":{}}]},"1":{"loc":{"start":{"line":55,"column":8},"end":{"line":55,"column":26}},"type":"binary-expr","locations":[{"start":{"line":55,"column":8},"end":{"line":55,"column":10}},{"start":{"line":55,"column":14},"end":{"line":55,"column":26}}]},"2":{"loc":{"start":{"line":79,"column":4},"end":{"line":82,"column":5}},"type":"if","locations":[{"start":{"line":79,"column":4},"end":{"line":82,"column":5}},{"start":{},"end":{}}]},"3":{"loc":{"start":{"line":89,"column":4},"end":{"line":93,"column":5}},"type":"if","locations":[{"start":{"line":89,"column":4},"end":{"line":93,"column":5}},{"start":{"line":91,"column":11},"end":{"line":93,"column":5}}]},"4":{"loc":{"start":{"line":89,"column":8},"end":{"line":89,"column":44}},"type":"binary-expr","locations":[{"start":{"line":89,"column":8},"end":{"line":89,"column":25}},{"start":{"line":89,"column":29},"end":{"line":89,"column":44}}]},"5":{"loc":{"start":{"line":135,"column":14},"end":{"line":135,"column":53}},"type":"binary-expr","locations":[{"start":{"line":135,"column":14},"end":{"line":135,"column":19}},{"start":{"line":135,"column":23},"end":{"line":135,"column":36}},{"start":{"line":135,"column":40},"end":{"line":135,"column":53}}]},"6":{"loc":{"start":{"line":140,"column":4},"end":{"line":142,"column":5}},"type":"if","locations":[{"start":{"line":140,"column":4},"end":{"line":142,"column":5}},{"start":{},"end":{}}]},"7":{"loc":{"start":{"line":140,"column":8},"end":{"line":140,"column":49}},"type":"binary-expr","locations":[{"start":{"line":140,"column":8},"end":{"line":140,"column":14}},{"start":{"line":140,"column":18},"end":{"line":140,"column":31}},{"start":{"line":140,"column":35},"end":{"line":140,"column":49}}]},"8":{"loc":{"start":{"line":144,"column":4},"end":{"line":146,"column":5}},"type":"if","locations":[{"start":{"line":144,"column":4},"end":{"line":146,"column":5}},{"start":{},"end":{}}]},"9":{"loc":{"start":{"line":147,"column":4},"end":{"line":149,"column":5}},"type":"if","locations":[{"start":{"line":147,"column":4},"end":{"line":149,"column":5}},{"start":{},"end":{}}]},"10":{"loc":{"start":{"line":150,"column":4},"end":{"line":152,"column":5}},"type":"if","locations":[{"start":{"line":150,"column":4},"end":{"line":152,"column":5}},{"start":{},"end":{}}]}},"s":{"0":1,"1":1,"2":1,"3":1,"4":1,"5":1,"6":1,"7":1,"8":26,"9":26,"10":26,"11":26,"12":26,"13":26,"14":26,"15":26,"16":26,"17":26,"18":26,"19":24,"20":24,"21":24,"22":24,"23":24,"24":24,"25":24,"26":5,"27":5,"28":5,"29":5,"30":5,"31":4,"32":4,"33":4,"34":1,"35":1,"36":1,"37":8,"38":2,"39":2,"40":6,"41":6,"42":6,"43":6,"44":2,"45":4,"46":4,"47":3,"48":3,"49":3,"50":1,"51":1,"52":1,"53":2,"54":1,"55":1,"56":1,"57":1,"58":1,"59":1,"60":2,"61":12,"62":12,"63":483,"64":483,"65":4,"66":4,"67":1,"68":3,"69":1,"70":2,"71":1,"72":1,"73":1,"74":0,"75":1,"76":5,"77":1,"78":1},"f":{"0":24,"1":24,"2":24,"3":24,"4":5,"5":4,"6":1,"7":8,"8":4,"9":3,"10":1,"11":2,"12":1,"13":1,"14":2,"15":12,"16":483,"17":4,"18":1,"19":5},"b":{"0":[5,19],"1":[24,6],"2":[2,6],"3":[2,4],"4":[6,2],"5":[483,483,402],"6":[1,3],"7":[4,4,3],"8":[1,2],"9":[1,1],"10":[1,0]}}
,"/Users/gdhanasekar/Documents/New project/client-management-frontend/src/app/components/client-list/client-list.component.ts": {"path":"/Users/gdhanasekar/Documents/New project/client-management-frontend/src/app/components/client-list/client-list.component.ts","statementMap":{"0":{"start":{"line":1,"column":0},"end":{"line":1,"column":87}},"1":{"start":{"line":2,"column":0},"end":{"line":2,"column":47}},"2":{"start":{"line":3,"column":0},"end":{"line":3,"column":69}},"3":{"start":{"line":4,"column":0},"end":{"line":4,"column":62}},"4":{"start":{"line":6,"column":0},"end":{"line":6,"column":67}},"5":{"start":{"line":7,"column":0},"end":{"line":7,"column":79}},"6":{"start":{"line":8,"column":0},"end":{"line":8,"column":85}},"7":{"start":{"line":9,"column":0},"end":{"line":9,"column":73}},"8":{"start":{"line":10,"column":0},"end":{"line":10,"column":98}},"9":{"start":{"line":11,"column":0},"end":{"line":11,"column":49}},"10":{"start":{"line":12,"column":0},"end":{"line":12,"column":68}},"11":{"start":{"line":21,"column":7},"end":{"line":295,"column":null}},"12":{"start":{"line":22,"column":26},"end":{"line":22,"column":47}},"13":{"start":{"line":23,"column":19},"end":{"line":23,"column":33}},"14":{"start":{"line":24,"column":18},"end":{"line":24,"column":40}},"15":{"start":{"line":25,"column":19},"end":{"line":25,"column":40}},"16":{"start":{"line":26,"column":32},"end":{"line":26,"column":59}},"17":{"start":{"line":27,"column":37},"end":{"line":27,"column":69}},"18":{"start":{"line":28,"column":17},"end":{"line":28,"column":43}},"19":{"start":{"line":33,"column":12},"end":{"line":33,"column":32}},"20":{"start":{"line":34,"column":12},"end":{"line":34,"column":25}},"21":{"start":{"line":35,"column":10},"end":{"line":35,"column":37}},"22":{"start":{"line":36,"column":15},"end":{"line":36,"column":25}},"23":{"start":{"line":39,"column":16},"end":{"line":39,"column":25}},"24":{"start":{"line":40,"column":13},"end":{"line":40,"column":23}},"25":{"start":{"line":41,"column":18},"end":{"line":41,"column":27}},"26":{"start":{"line":42,"column":15},"end":{"line":42,"column":24}},"27":{"start":{"line":45,"column":14},"end":{"line":45,"column":34}},"28":{"start":{"line":46,"column":18},"end":{"line":46,"column":47}},"29":{"start":{"line":49,"column":16},"end":{"line":71,"column":4}},"30":{"start":{"line":50,"column":18},"end":{"line":50,"column":35}},"31":{"start":{"line":51,"column":20},"end":{"line":51,"column":38}},"32":{"start":{"line":52,"column":28},"end":{"line":52,"column":30}},"33":{"start":{"line":55,"column":20},"end":{"line":55,"column":44}},"34":{"start":{"line":56,"column":18},"end":{"line":56,"column":50}},"35":{"start":{"line":59,"column":4},"end":{"line":61,"column":5}},"36":{"start":{"line":60,"column":6},"end":{"line":60,"column":39}},"37":{"start":{"line":62,"column":4},"end":{"line":64,"column":5}},"38":{"start":{"line":63,"column":6},"end":{"line":63,"column":41}},"39":{"start":{"line":66,"column":4},"end":{"line":68,"column":5}},"40":{"start":{"line":66,"column":17},"end":{"line":66,"column":26}},"41":{"start":{"line":67,"column":6},"end":{"line":67,"column":20}},"42":{"start":{"line":70,"column":4},"end":{"line":70,"column":17}},"43":{"start":{"line":73,"column":9},"end":{"line":73,"column":13}},"44":{"start":{"line":77,"column":4},"end":{"line":85,"column":7}},"45":{"start":{"line":78,"column":6},"end":{"line":78,"column":65}},"46":{"start":{"line":79,"column":6},"end":{"line":79,"column":63}},"47":{"start":{"line":80,"column":6},"end":{"line":80,"column":49}},"48":{"start":{"line":81,"column":6},"end":{"line":81,"column":78}},"49":{"start":{"line":82,"column":6},"end":{"line":82,"column":50}},"50":{"start":{"line":84,"column":6},"end":{"line":84,"column":25}},"51":{"start":{"line":88,"column":4},"end":{"line":93,"column":6}},"52":{"start":{"line":91,"column":8},"end":{"line":91,"column":27}},"53":{"start":{"line":97,"column":4},"end":{"line":97,"column":45}},"54":{"start":{"line":98,"column":4},"end":{"line":98,"column":48}},"55":{"start":{"line":102,"column":4},"end":{"line":104,"column":5}},"56":{"start":{"line":103,"column":6},"end":{"line":103,"column":39}},"57":{"start":{"line":108,"column":4},"end":{"line":108,"column":27}},"58":{"start":{"line":109,"column":4},"end":{"line":109,"column":25}},"59":{"start":{"line":112,"column":4},"end":{"line":112,"column":21}},"60":{"start":{"line":114,"column":4},"end":{"line":133,"column":7}},"61":{"start":{"line":122,"column":8},"end":{"line":122,"column":43}},"62":{"start":{"line":123,"column":8},"end":{"line":123,"column":55}},"63":{"start":{"line":124,"column":8},"end":{"line":124,"column":49}},"64":{"start":{"line":125,"column":8},"end":{"line":125,"column":32}},"65":{"start":{"line":126,"column":8},"end":{"line":126,"column":56}},"66":{"start":{"line":129,"column":8},"end":{"line":129,"column":68}},"67":{"start":{"line":130,"column":8},"end":{"line":130,"column":32}},"68":{"start":{"line":131,"column":8},"end":{"line":131,"column":56}},"69":{"start":{"line":137,"column":29},"end":{"line":142,"column":6}},"70":{"start":{"line":144,"column":4},"end":{"line":146,"column":5}},"71":{"start":{"line":145,"column":6},"end":{"line":145,"column":45}},"72":{"start":{"line":148,"column":4},"end":{"line":152,"column":7}},"73":{"start":{"line":156,"column":4},"end":{"line":156,"column":20}},"74":{"start":{"line":156,"column":13},"end":{"line":156,"column":20}},"75":{"start":{"line":158,"column":19},"end":{"line":158,"column":56}},"76":{"start":{"line":158,"column":44},"end":{"line":158,"column":55}},"77":{"start":{"line":159,"column":23},"end":{"line":159,"column":56}},"78":{"start":{"line":161,"column":4},"end":{"line":179,"column":18}},"79":{"start":{"line":167,"column":26},"end":{"line":167,"column":35}},"80":{"start":{"line":168,"column":22},"end":{"line":168,"column":57}},"81":{"start":{"line":170,"column":8},"end":{"line":170,"column":73}},"82":{"start":{"line":171,"column":8},"end":{"line":171,"column":27}},"83":{"start":{"line":172,"column":8},"end":{"line":172,"column":62}},"84":{"start":{"line":175,"column":8},"end":{"line":175,"column":85}},"85":{"start":{"line":176,"column":8},"end":{"line":176,"column":56}},"86":{"start":{"line":177,"column":8},"end":{"line":177,"column":21}},"87":{"start":{"line":183,"column":18},"end":{"line":183,"column":57}},"88":{"start":{"line":184,"column":4},"end":{"line":184,"column":30}},"89":{"start":{"line":187,"column":4},"end":{"line":190,"column":5}},"90":{"start":{"line":188,"column":6},"end":{"line":188,"column":30}},"91":{"start":{"line":189,"column":6},"end":{"line":189,"column":25}},"92":{"start":{"line":195,"column":4},"end":{"line":202,"column":5}},"93":{"start":{"line":197,"column":6},"end":{"line":197,"column":78}},"94":{"start":{"line":200,"column":6},"end":{"line":200,"column":32}},"95":{"start":{"line":201,"column":6},"end":{"line":201,"column":36}},"96":{"start":{"line":203,"column":4},"end":{"line":203,"column":28}},"97":{"start":{"line":204,"column":4},"end":{"line":204,"column":23}},"98":{"start":{"line":208,"column":4},"end":{"line":210,"column":5}},"99":{"start":{"line":209,"column":6},"end":{"line":209,"column":18}},"100":{"start":{"line":211,"column":4},"end":{"line":211,"column":54}},"101":{"start":{"line":216,"column":4},"end":{"line":220,"column":5}},"102":{"start":{"line":217,"column":6},"end":{"line":217,"column":33}},"103":{"start":{"line":218,"column":6},"end":{"line":218,"column":25}},"104":{"start":{"line":219,"column":6},"end":{"line":219,"column":54}},"105":{"start":{"line":224,"column":4},"end":{"line":226,"column":5}},"106":{"start":{"line":225,"column":6},"end":{"line":225,"column":44}},"107":{"start":{"line":230,"column":4},"end":{"line":232,"column":5}},"108":{"start":{"line":231,"column":6},"end":{"line":231,"column":44}},"109":{"start":{"line":236,"column":17},"end":{"line":236,"column":68}},"110":{"start":{"line":237,"column":4},"end":{"line":237,"column":28}},"111":{"start":{"line":238,"column":4},"end":{"line":238,"column":28}},"112":{"start":{"line":239,"column":4},"end":{"line":239,"column":23}},"113":{"start":{"line":243,"column":4},"end":{"line":243,"column":30}},"114":{"start":{"line":247,"column":24},"end":{"line":252,"column":6}},"115":{"start":{"line":254,"column":4},"end":{"line":256,"column":5}},"116":{"start":{"line":255,"column":6},"end":{"line":255,"column":40}},"117":{"start":{"line":258,"column":4},"end":{"line":258,"column":18}},"118":{"start":{"line":263,"column":4},"end":{"line":263,"column":58}},"119":{"start":{"line":267,"column":4},"end":{"line":267,"column":44}},"120":{"start":{"line":271,"column":4},"end":{"line":271,"column":42}},"121":{"start":{"line":275,"column":4},"end":{"line":275,"column":37}},"122":{"start":{"line":279,"column":4},"end":{"line":279,"column":37}},"123":{"start":{"line":283,"column":4},"end":{"line":283,"column":85}},"124":{"start":{"line":287,"column":4},"end":{"line":287,"column":85}},"125":{"start":{"line":291,"column":18},"end":{"line":291,"column":58}},"126":{"start":{"line":292,"column":16},"end":{"line":292,"column":90}},"127":{"start":{"line":293,"column":4},"end":{"line":293,"column":31}},"128":{"start":{"line":21,"column":13},"end":{"line":21,"column":32}},"129":{"start":{"line":21,"column":13},"end":{"line":295,"column":null}}},"fnMap":{"0":{"name":"(anonymous_0)","decl":{"start":{"line":49,"column":25},"end":{"line":49,"column":28}},"loc":{"start":{"line":49,"column":30},"end":{"line":71,"column":3}}},"1":{"name":"(anonymous_1)","decl":{"start":{"line":75,"column":2},"end":{"line":75,"column":10}},"loc":{"start":{"line":75,"column":10},"end":{"line":94,"column":3}}},"2":{"name":"(anonymous_2)","decl":{"start":{"line":77,"column":68},"end":{"line":77,"column":74}},"loc":{"start":{"line":77,"column":77},"end":{"line":85,"column":5}}},"3":{"name":"(anonymous_3)","decl":{"start":{"line":89,"column":6},"end":{"line":89,"column":7}},"loc":{"start":{"line":89,"column":19},"end":{"line":92,"column":7}}},"4":{"name":"(anonymous_4)","decl":{"start":{"line":96,"column":2},"end":{"line":96,"column":13}},"loc":{"start":{"line":96,"column":13},"end":{"line":99,"column":3}}},"5":{"name":"(anonymous_5)","decl":{"start":{"line":101,"column":2},"end":{"line":101,"column":17}},"loc":{"start":{"line":101,"column":46},"end":{"line":105,"column":3}}},"6":{"name":"(anonymous_6)","decl":{"start":{"line":107,"column":2},"end":{"line":107,"column":13}},"loc":{"start":{"line":107,"column":13},"end":{"line":134,"column":3}}},"7":{"name":"(anonymous_7)","decl":{"start":{"line":121,"column":12},"end":{"line":121,"column":13}},"loc":{"start":{"line":121,"column":25},"end":{"line":127,"column":7}}},"8":{"name":"(anonymous_8)","decl":{"start":{"line":128,"column":13},"end":{"line":128,"column":14}},"loc":{"start":{"line":128,"column":21},"end":{"line":132,"column":7}}},"9":{"name":"(anonymous_9)","decl":{"start":{"line":136,"column":10},"end":{"line":136,"column":19}},"loc":{"start":{"line":136,"column":19},"end":{"line":153,"column":3}}},"10":{"name":"(anonymous_10)","decl":{"start":{"line":155,"column":2},"end":{"line":155,"column":14}},"loc":{"start":{"line":155,"column":37},"end":{"line":180,"column":3}}},"11":{"name":"(anonymous_11)","decl":{"start":{"line":158,"column":39},"end":{"line":158,"column":40}},"loc":{"start":{"line":158,"column":44},"end":{"line":158,"column":55}}},"12":{"name":"(anonymous_12)","decl":{"start":{"line":167,"column":13},"end":{"line":167,"column":22}},"loc":{"start":{"line":167,"column":26},"end":{"line":167,"column":35}}},"13":{"name":"(anonymous_13)","decl":{"start":{"line":168,"column":16},"end":{"line":168,"column":19}},"loc":{"start":{"line":168,"column":22},"end":{"line":168,"column":57}}},"14":{"name":"(anonymous_14)","decl":{"start":{"line":169,"column":10},"end":{"line":169,"column":13}},"loc":{"start":{"line":169,"column":15},"end":{"line":173,"column":7}}},"15":{"name":"(anonymous_15)","decl":{"start":{"line":174,"column":17},"end":{"line":174,"column":20}},"loc":{"start":{"line":174,"column":23},"end":{"line":178,"column":7}}},"16":{"name":"(anonymous_16)","decl":{"start":{"line":182,"column":2},"end":{"line":182,"column":10}},"loc":{"start":{"line":182,"column":23},"end":{"line":191,"column":3}}},"17":{"name":"(anonymous_17)","decl":{"start":{"line":194,"column":2},"end":{"line":194,"column":8}},"loc":{"start":{"line":194,"column":22},"end":{"line":205,"column":3}}},"18":{"name":"(anonymous_18)","decl":{"start":{"line":207,"column":2},"end":{"line":207,"column":13}},"loc":{"start":{"line":207,"column":27},"end":{"line":212,"column":3}}},"19":{"name":"(anonymous_19)","decl":{"start":{"line":215,"column":2},"end":{"line":215,"column":10}},"loc":{"start":{"line":215,"column":23},"end":{"line":221,"column":3}}},"20":{"name":"(anonymous_20)","decl":{"start":{"line":223,"column":2},"end":{"line":223,"column":10}},"loc":{"start":{"line":223,"column":10},"end":{"line":227,"column":3}}},"21":{"name":"(anonymous_21)","decl":{"start":{"line":229,"column":2},"end":{"line":229,"column":14}},"loc":{"start":{"line":229,"column":14},"end":{"line":233,"column":3}}},"22":{"name":"(anonymous_22)","decl":{"start":{"line":235,"column":2},"end":{"line":235,"column":16}},"loc":{"start":{"line":235,"column":29},"end":{"line":240,"column":3}}},"23":{"name":"(anonymous_23)","decl":{"start":{"line":242,"column":2},"end":{"line":242,"column":17}},"loc":{"start":{"line":242,"column":47},"end":{"line":244,"column":3}}},"24":{"name":"(anonymous_24)","decl":{"start":{"line":246,"column":2},"end":{"line":246,"column":23}},"loc":{"start":{"line":246,"column":23},"end":{"line":259,"column":3}}},"25":{"name":"(anonymous_25)","decl":{"start":{"line":262,"column":2},"end":{"line":262,"column":16}},"loc":{"start":{"line":262,"column":34},"end":{"line":264,"column":3}}},"26":{"name":"(anonymous_26)","decl":{"start":{"line":266,"column":2},"end":{"line":266,"column":16}},"loc":{"start":{"line":266,"column":34},"end":{"line":268,"column":3}}},"27":{"name":"(anonymous_27)","decl":{"start":{"line":270,"column":2},"end":{"line":270,"column":13}},"loc":{"start":{"line":270,"column":42},"end":{"line":272,"column":3}}},"28":{"name":"(anonymous_28)","decl":{"start":{"line":274,"column":2},"end":{"line":274,"column":21}},"loc":{"start":{"line":274,"column":21},"end":{"line":276,"column":3}}},"29":{"name":"(anonymous_29)","decl":{"start":{"line":278,"column":2},"end":{"line":278,"column":25}},"loc":{"start":{"line":278,"column":25},"end":{"line":280,"column":3}}},"30":{"name":"(anonymous_30)","decl":{"start":{"line":282,"column":2},"end":{"line":282,"column":20}},"loc":{"start":{"line":282,"column":20},"end":{"line":284,"column":3}}},"31":{"name":"(anonymous_31)","decl":{"start":{"line":286,"column":2},"end":{"line":286,"column":24}},"loc":{"start":{"line":286,"column":24},"end":{"line":288,"column":3}}},"32":{"name":"(anonymous_32)","decl":{"start":{"line":290,"column":2},"end":{"line":290,"column":17}},"loc":{"start":{"line":290,"column":17},"end":{"line":294,"column":3}}}},"branchMap":{"0":{"loc":{"start":{"line":59,"column":4},"end":{"line":61,"column":5}},"type":"if","locations":[{"start":{"line":59,"column":4},"end":{"line":61,"column":5}},{"start":{},"end":{}}]},"1":{"loc":{"start":{"line":62,"column":4},"end":{"line":64,"column":5}},"type":"if","locations":[{"start":{"line":62,"column":4},"end":{"line":64,"column":5}},{"start":{},"end":{}}]},"2":{"loc":{"start":{"line":78,"column":27},"end":{"line":78,"column":63}},"type":"cond-expr","locations":[{"start":{"line":78,"column":44},"end":{"line":78,"column":59}},{"start":{"line":78,"column":62},"end":{"line":78,"column":63}}]},"3":{"loc":{"start":{"line":79,"column":24},"end":{"line":79,"column":61}},"type":"cond-expr","locations":[{"start":{"line":79,"column":41},"end":{"line":79,"column":56}},{"start":{"line":79,"column":59},"end":{"line":79,"column":61}}]},"4":{"loc":{"start":{"line":80,"column":25},"end":{"line":80,"column":47}},"type":"binary-expr","locations":[{"start":{"line":80,"column":25},"end":{"line":80,"column":39}},{"start":{"line":80,"column":43},"end":{"line":80,"column":47}}]},"5":{"loc":{"start":{"line":81,"column":29},"end":{"line":81,"column":76}},"type":"cond-expr","locations":[{"start":{"line":81,"column":62},"end":{"line":81,"column":68}},{"start":{"line":81,"column":71},"end":{"line":81,"column":76}}]},"6":{"loc":{"start":{"line":82,"column":26},"end":{"line":82,"column":48}},"type":"binary-expr","locations":[{"start":{"line":82,"column":26},"end":{"line":82,"column":42}},{"start":{"line":82,"column":46},"end":{"line":82,"column":48}}]},"7":{"loc":{"start":{"line":102,"column":4},"end":{"line":104,"column":5}},"type":"if","locations":[{"start":{"line":102,"column":4},"end":{"line":104,"column":5}},{"start":{},"end":{}}]},"8":{"loc":{"start":{"line":144,"column":4},"end":{"line":146,"column":5}},"type":"if","locations":[{"start":{"line":144,"column":4},"end":{"line":146,"column":5}},{"start":{},"end":{}}]},"9":{"loc":{"start":{"line":156,"column":4},"end":{"line":156,"column":20}},"type":"if","locations":[{"start":{"line":156,"column":4},"end":{"line":156,"column":20}},{"start":{},"end":{}}]},"10":{"loc":{"start":{"line":159,"column":23},"end":{"line":159,"column":56}},"type":"binary-expr","locations":[{"start":{"line":159,"column":23},"end":{"line":159,"column":39}},{"start":{"line":159,"column":43},"end":{"line":159,"column":56}}]},"11":{"loc":{"start":{"line":187,"column":4},"end":{"line":190,"column":5}},"type":"if","locations":[{"start":{"line":187,"column":4},"end":{"line":190,"column":5}},{"start":{},"end":{}}]},"12":{"loc":{"start":{"line":187,"column":8},"end":{"line":187,"column":45}},"type":"binary-expr","locations":[{"start":{"line":187,"column":8},"end":{"line":187,"column":25}},{"start":{"line":187,"column":29},"end":{"line":187,"column":45}}]},"13":{"loc":{"start":{"line":195,"column":4},"end":{"line":202,"column":5}},"type":"if","locations":[{"start":{"line":195,"column":4},"end":{"line":202,"column":5}},{"start":{"line":198,"column":11},"end":{"line":202,"column":5}}]},"14":{"loc":{"start":{"line":197,"column":29},"end":{"line":197,"column":76}},"type":"cond-expr","locations":[{"start":{"line":197,"column":62},"end":{"line":197,"column":68}},{"start":{"line":197,"column":71},"end":{"line":197,"column":76}}]},"15":{"loc":{"start":{"line":208,"column":4},"end":{"line":210,"column":5}},"type":"if","locations":[{"start":{"line":208,"column":4},"end":{"line":210,"column":5}},{"start":{},"end":{}}]},"16":{"loc":{"start":{"line":211,"column":11},"end":{"line":211,"column":53}},"type":"cond-expr","locations":[{"start":{"line":211,"column":44},"end":{"line":211,"column":47}},{"start":{"line":211,"column":50},"end":{"line":211,"column":53}}]},"17":{"loc":{"start":{"line":216,"column":4},"end":{"line":220,"column":5}},"type":"if","locations":[{"start":{"line":216,"column":4},"end":{"line":220,"column":5}},{"start":{},"end":{}}]},"18":{"loc":{"start":{"line":216,"column":8},"end":{"line":216,"column":45}},"type":"binary-expr","locations":[{"start":{"line":216,"column":8},"end":{"line":216,"column":17}},{"start":{"line":216,"column":21},"end":{"line":216,"column":45}}]},"19":{"loc":{"start":{"line":224,"column":4},"end":{"line":226,"column":5}},"type":"if","locations":[{"start":{"line":224,"column":4},"end":{"line":226,"column":5}},{"start":{},"end":{}}]},"20":{"loc":{"start":{"line":230,"column":4},"end":{"line":232,"column":5}},"type":"if","locations":[{"start":{"line":230,"column":4},"end":{"line":232,"column":5}},{"start":{},"end":{}}]},"21":{"loc":{"start":{"line":243,"column":11},"end":{"line":243,"column":29}},"type":"binary-expr","locations":[{"start":{"line":243,"column":11},"end":{"line":243,"column":20}},{"start":{"line":243,"column":24},"end":{"line":243,"column":29}}]},"22":{"loc":{"start":{"line":254,"column":4},"end":{"line":256,"column":5}},"type":"if","locations":[{"start":{"line":254,"column":4},"end":{"line":256,"column":5}},{"start":{},"end":{}}]},"23":{"loc":{"start":{"line":263,"column":11},"end":{"line":263,"column":57}},"type":"cond-expr","locations":[{"start":{"line":263,"column":22},"end":{"line":263,"column":37}},{"start":{"line":263,"column":40},"end":{"line":263,"column":57}}]},"24":{"loc":{"start":{"line":267,"column":11},"end":{"line":267,"column":43}},"type":"cond-expr","locations":[{"start":{"line":267,"column":22},"end":{"line":267,"column":30}},{"start":{"line":267,"column":33},"end":{"line":267,"column":43}}]}},"s":{"0":1,"1":1,"2":1,"3":1,"4":1,"5":1,"6":1,"7":1,"8":1,"9":1,"10":1,"11":1,"12":38,"13":38,"14":38,"15":38,"16":38,"17":38,"18":38,"19":38,"20":38,"21":38,"22":38,"23":38,"24":38,"25":38,"26":38,"27":38,"28":38,"29":38,"30":9,"31":9,"32":9,"33":9,"34":9,"35":9,"36":9,"37":9,"38":9,"39":9,"40":9,"41":27,"42":9,"43":38,"44":28,"45":66,"46":66,"47":66,"48":66,"49":66,"50":66,"51":28,"52":0,"53":38,"54":38,"55":0,"56":0,"57":84,"58":84,"59":84,"60":84,"61":82,"62":82,"63":82,"64":82,"65":82,"66":2,"67":2,"68":2,"69":84,"70":84,"71":4,"72":84,"73":4,"74":1,"75":3,"76":3,"77":3,"78":3,"79":3,"80":2,"81":1,"82":1,"83":1,"84":1,"85":1,"86":1,"87":5,"88":5,"89":5,"90":3,"91":3,"92":6,"93":1,"94":5,"95":5,"96":6,"97":6,"98":227,"99":169,"100":58,"101":3,"102":3,"103":3,"104":3,"105":2,"106":1,"107":2,"108":1,"109":1,"110":1,"111":1,"112":1,"113":296,"114":294,"115":294,"116":0,"117":294,"118":0,"119":0,"120":0,"121":0,"122":0,"123":0,"124":0,"125":0,"126":0,"127":0,"128":1,"129":1},"f":{"0":9,"1":28,"2":66,"3":0,"4":38,"5":0,"6":84,"7":82,"8":2,"9":84,"10":4,"11":3,"12":3,"13":2,"14":1,"15":1,"16":5,"17":6,"18":227,"19":3,"20":2,"21":2,"22":1,"23":296,"24":294,"25":0,"26":0,"27":0,"28":0,"29":0,"30":0,"31":0,"32":0},"b":{"0":[9,0],"1":[9,0],"2":[38,28],"3":[38,28],"4":[66,28],"5":[1,65],"6":[66,64],"7":[0,0],"8":[4,80],"9":[1,3],"10":[3,0],"11":[3,2],"12":[5,4],"13":[1,5],"14":[1,0],"15":[169,58],"16":[57,1],"17":[3,0],"18":[3,3],"19":[1,1],"20":[1,1],"21":[296,1],"22":[0,294],"23":[0,0],"24":[0,0]}}
,"/Users/gdhanasekar/Documents/New project/client-management-frontend/src/app/components/confirmation-modal/confirmation-modal.component.ts": {"path":"/Users/gdhanasekar/Documents/New project/client-management-frontend/src/app/components/confirmation-modal/confirmation-modal.component.ts","statementMap":{"0":{"start":{"line":1,"column":0},"end":{"line":1,"column":58}},"1":{"start":{"line":2,"column":0},"end":{"line":2,"column":47}},"2":{"start":{"line":3,"column":0},"end":{"line":3,"column":85}},"3":{"start":{"line":11,"column":7},"end":{"line":33,"column":null}},"4":{"start":{"line":12,"column":25},"end":{"line":12,"column":57}},"5":{"start":{"line":14,"column":11},"end":{"line":14,"column":35}},"6":{"start":{"line":15,"column":10},"end":{"line":15,"column":33}},"7":{"start":{"line":16,"column":12},"end":{"line":16,"column":37}},"8":{"start":{"line":17,"column":16},"end":{"line":17,"column":45}},"9":{"start":{"line":18,"column":15},"end":{"line":18,"column":43}},"10":{"start":{"line":21,"column":4},"end":{"line":21,"column":32}},"11":{"start":{"line":25,"column":4},"end":{"line":25,"column":31}},"12":{"start":{"line":29,"column":4},"end":{"line":31,"column":5}},"13":{"start":{"line":30,"column":6},"end":{"line":30,"column":22}},"14":{"start":{"line":11,"column":13},"end":{"line":11,"column":39}},"15":{"start":{"line":11,"column":13},"end":{"line":33,"column":null}}},"fnMap":{"0":{"name":"(anonymous_0)","decl":{"start":{"line":20,"column":2},"end":{"line":20,"column":11}},"loc":{"start":{"line":20,"column":11},"end":{"line":22,"column":3}}},"1":{"name":"(anonymous_1)","decl":{"start":{"line":24,"column":2},"end":{"line":24,"column":10}},"loc":{"start":{"line":24,"column":10},"end":{"line":26,"column":3}}},"2":{"name":"(anonymous_2)","decl":{"start":{"line":28,"column":2},"end":{"line":28,"column":17}},"loc":{"start":{"line":28,"column":30},"end":{"line":32,"column":3}}}},"branchMap":{"0":{"loc":{"start":{"line":29,"column":4},"end":{"line":31,"column":5}},"type":"if","locations":[{"start":{"line":29,"column":4},"end":{"line":31,"column":5}},{"start":{},"end":{}}]}},"s":{"0":2,"1":2,"2":2,"3":2,"4":11,"5":11,"6":11,"7":11,"8":11,"9":11,"10":1,"11":2,"12":1,"13":1,"14":2,"15":2},"f":{"0":1,"1":2,"2":1},"b":{"0":[1,0]}}
,"/Users/gdhanasekar/Documents/New project/client-management-frontend/src/app/core/components/notification/notification.component.ts": {"path":"/Users/gdhanasekar/Documents/New project/client-management-frontend/src/app/core/components/notification/notification.component.ts","statementMap":{"0":{"start":{"line":1,"column":0},"end":{"line":1,"column":50}},"1":{"start":{"line":2,"column":0},"end":{"line":2,"column":47}},"2":{"start":{"line":3,"column":0},"end":{"line":3,"column":74}},"3":{"start":{"line":12,"column":7},"end":{"line":14,"column":null}},"4":{"start":{"line":13,"column":24},"end":{"line":13,"column":51}},"5":{"start":{"line":12,"column":13},"end":{"line":12,"column":34}},"6":{"start":{"line":12,"column":13},"end":{"line":14,"column":null}}},"fnMap":{},"branchMap":{},"s":{"0":2,"1":2,"2":2,"3":2,"4":6,"5":2,"6":2},"f":{},"b":{}}
,"/Users/gdhanasekar/Documents/New project/client-management-frontend/src/app/core/interceptors/http.interceptor.ts": {"path":"/Users/gdhanasekar/Documents/New project/client-management-frontend/src/app/core/interceptors/http.interceptor.ts","statementMap":{"0":{"start":{"line":2,"column":0},"end":{"line":2,"column":39}},"1":{"start":{"line":3,"column":0},"end":{"line":3,"column":46}},"2":{"start":{"line":4,"column":0},"end":{"line":4,"column":59}},"3":{"start":{"line":5,"column":0},"end":{"line":5,"column":63}},"4":{"start":{"line":7,"column":50},"end":{"line":65,"column":1}},"5":{"start":{"line":8,"column":17},"end":{"line":8,"column":38}},"6":{"start":{"line":10,"column":2},"end":{"line":64,"column":4}},"7":{"start":{"line":12,"column":25},"end":{"line":12,"column":44}},"8":{"start":{"line":13,"column":22},"end":{"line":13,"column":39}},"9":{"start":{"line":15,"column":6},"end":{"line":49,"column":7}},"10":{"start":{"line":17,"column":8},"end":{"line":17,"column":62}},"11":{"start":{"line":18,"column":8},"end":{"line":18,"column":37}},"12":{"start":{"line":21,"column":8},"end":{"line":21,"column":37}},"13":{"start":{"line":23,"column":8},"end":{"line":48,"column":9}},"14":{"start":{"line":25,"column":12},"end":{"line":25,"column":74}},"15":{"start":{"line":26,"column":12},"end":{"line":26,"column":42}},"16":{"start":{"line":27,"column":12},"end":{"line":27,"column":18}},"17":{"start":{"line":29,"column":12},"end":{"line":29,"column":89}},"18":{"start":{"line":30,"column":12},"end":{"line":30,"column":18}},"19":{"start":{"line":32,"column":12},"end":{"line":32,"column":57}},"20":{"start":{"line":33,"column":12},"end":{"line":33,"column":18}},"21":{"start":{"line":35,"column":12},"end":{"line":35,"column":67}},"22":{"start":{"line":36,"column":12},"end":{"line":36,"column":18}},"23":{"start":{"line":38,"column":12},"end":{"line":38,"column":77}},"24":{"start":{"line":39,"column":12},"end":{"line":39,"column":18}},"25":{"start":{"line":41,"column":12},"end":{"line":41,"column":75}},"26":{"start":{"line":42,"column":12},"end":{"line":42,"column":18}},"27":{"start":{"line":44,"column":12},"end":{"line":44,"column":73}},"28":{"start":{"line":45,"column":12},"end":{"line":45,"column":18}},"29":{"start":{"line":47,"column":12},"end":{"line":47,"column":76}},"30":{"start":{"line":52,"column":6},"end":{"line":58,"column":9}},"31":{"start":{"line":61,"column":26},"end":{"line":61,"column":80}},"32":{"start":{"line":62,"column":6},"end":{"line":62,"column":43}},"33":{"start":{"line":62,"column":30},"end":{"line":62,"column":41}},"34":{"start":{"line":7,"column":13},"end":{"line":7,"column":50}}},"fnMap":{"0":{"name":"(anonymous_0)","decl":{"start":{"line":7,"column":50},"end":{"line":7,"column":51}},"loc":{"start":{"line":7,"column":64},"end":{"line":65,"column":1}}},"1":{"name":"(anonymous_1)","decl":{"start":{"line":11,"column":15},"end":{"line":11,"column":16}},"loc":{"start":{"line":11,"column":44},"end":{"line":63,"column":5}}},"2":{"name":"(anonymous_2)","decl":{"start":{"line":62,"column":24},"end":{"line":62,"column":27}},"loc":{"start":{"line":62,"column":30},"end":{"line":62,"column":41}}}},"branchMap":{"0":{"loc":{"start":{"line":15,"column":6},"end":{"line":49,"column":7}},"type":"if","locations":[{"start":{"line":15,"column":6},"end":{"line":49,"column":7}},{"start":{"line":19,"column":13},"end":{"line":49,"column":7}}]},"1":{"loc":{"start":{"line":23,"column":8},"end":{"line":48,"column":9}},"type":"switch","locations":[{"start":{"line":24,"column":10},"end":{"line":27,"column":18}},{"start":{"line":28,"column":10},"end":{"line":30,"column":18}},{"start":{"line":31,"column":10},"end":{"line":33,"column":18}},{"start":{"line":34,"column":10},"end":{"line":36,"column":18}},{"start":{"line":37,"column":10},"end":{"line":39,"column":18}},{"start":{"line":40,"column":10},"end":{"line":42,"column":18}},{"start":{"line":43,"column":10},"end":{"line":45,"column":18}},{"start":{"line":46,"column":10},"end":{"line":47,"column":76}}]},"2":{"loc":{"start":{"line":29,"column":46},"end":{"line":29,"column":87}},"type":"binary-expr","locations":[{"start":{"line":29,"column":46},"end":{"line":29,"column":66}},{"start":{"line":29,"column":70},"end":{"line":29,"column":87}}]}},"s":{"0":1,"1":1,"2":1,"3":1,"4":1,"5":7,"6":7,"7":6,"8":6,"9":6,"10":0,"11":0,"12":6,"13":6,"14":1,"15":1,"16":1,"17":1,"18":1,"19":1,"20":1,"21":1,"22":1,"23":1,"24":1,"25":1,"26":1,"27":0,"28":0,"29":0,"30":6,"31":6,"32":6,"33":6,"34":1},"f":{"0":7,"1":6,"2":6},"b":{"0":[0,6],"1":[1,1,1,1,1,1,0,0],"2":[1,1]}}
,"/Users/gdhanasekar/Documents/New project/client-management-frontend/src/app/core/models/error.model.ts": {"path":"/Users/gdhanasekar/Documents/New project/client-management-frontend/src/app/core/models/error.model.ts","statementMap":{"0":{"start":{"line":10,"column":0},"end":{"line":10,"column":null}},"1":{"start":{"line":11,"column":2},"end":{"line":11,"column":null}},"2":{"start":{"line":12,"column":2},"end":{"line":12,"column":null}},"3":{"start":{"line":13,"column":2},"end":{"line":13,"column":null}},"4":{"start":{"line":14,"column":2},"end":{"line":14,"column":null}},"5":{"start":{"line":23,"column":4},"end":{"line":23,"column":19}},"6":{"start":{"line":19,"column":20},"end":{"line":19,"column":35}},"7":{"start":{"line":20,"column":11},"end":{"line":20,"column":29}},"8":{"start":{"line":21,"column":11},"end":{"line":21,"column":26}},"9":{"start":{"line":24,"column":4},"end":{"line":24,"column":38}},"10":{"start":{"line":25,"column":4},"end":{"line":25,"column":55}},"11":{"start":{"line":17,"column":0},"end":{"line":17,"column":13}}},"fnMap":{"0":{"name":"(anonymous_0)","decl":{"start":{"line":10,"column":0},"end":{"line":10,"column":12}},"loc":{"start":{"line":10,"column":21},"end":{"line":15,"column":1}}},"1":{"name":"(anonymous_1)","decl":{"start":{"line":18,"column":2},"end":{"line":18,"column":null}},"loc":{"start":{"line":21,"column":26},"end":{"line":26,"column":3}}}},"branchMap":{"0":{"loc":{"start":{"line":10,"column":12},"end":{"line":10,"column":null}},"type":"binary-expr","locations":[{"start":{"line":10,"column":12},"end":{"line":10,"column":21}},{"start":{"line":10,"column":21},"end":{"line":10,"column":null}}]},"1":{"loc":{"start":{"line":20,"column":11},"end":{"line":20,"column":46}},"type":"default-arg","locations":[{"start":{"line":20,"column":29},"end":{"line":20,"column":46}}]}},"s":{"0":2,"1":2,"2":2,"3":2,"4":2,"5":7,"6":7,"7":7,"8":7,"9":7,"10":7,"11":2},"f":{"0":2,"1":7},"b":{"0":[2,2],"1":[0]}}
,"/Users/gdhanasekar/Documents/New project/client-management-frontend/src/app/core/services/global-error-handler.service.ts": {"path":"/Users/gdhanasekar/Documents/New project/client-management-frontend/src/app/core/services/global-error-handler.service.ts","statementMap":{"0":{"start":{"line":1,"column":0},"end":{"line":1,"column":65}},"1":{"start":{"line":2,"column":0},"end":{"line":2,"column":49}},"2":{"start":{"line":8,"column":7},"end":{"line":56,"column":null}},"3":{"start":{"line":9,"column":19},"end":{"line":9,"column":40}},"4":{"start":{"line":12,"column":21},"end":{"line":12,"column":43}},"5":{"start":{"line":14,"column":4},"end":{"line":21,"column":7}},"6":{"start":{"line":22,"column":4},"end":{"line":22,"column":30}},"7":{"start":{"line":26,"column":31},"end":{"line":29,"column":6}},"8":{"start":{"line":31,"column":4},"end":{"line":38,"column":5}},"9":{"start":{"line":32,"column":6},"end":{"line":32,"column":39}},"10":{"start":{"line":33,"column":6},"end":{"line":33,"column":35}},"11":{"start":{"line":34,"column":11},"end":{"line":38,"column":5}},"12":{"start":{"line":35,"column":6},"end":{"line":35,"column":31}},"13":{"start":{"line":36,"column":11},"end":{"line":38,"column":5}},"14":{"start":{"line":37,"column":6},"end":{"line":37,"column":39}},"15":{"start":{"line":40,"column":4},"end":{"line":42,"column":5}},"16":{"start":{"line":41,"column":6},"end":{"line":41,"column":37}},"17":{"start":{"line":43,"column":4},"end":{"line":45,"column":5}},"18":{"start":{"line":44,"column":6},"end":{"line":44,"column":45}},"19":{"start":{"line":46,"column":4},"end":{"line":48,"column":5}},"20":{"start":{"line":47,"column":6},"end":{"line":47,"column":31}},"21":{"start":{"line":50,"column":4},"end":{"line":50,"column":20}},"22":{"start":{"line":54,"column":4},"end":{"line":54,"column":55}},"23":{"start":{"line":8,"column":13},"end":{"line":8,"column":31}},"24":{"start":{"line":8,"column":13},"end":{"line":56,"column":null}}},"fnMap":{"0":{"name":"(anonymous_0)","decl":{"start":{"line":11,"column":2},"end":{"line":11,"column":13}},"loc":{"start":{"line":11,"column":26},"end":{"line":23,"column":3}}},"1":{"name":"(anonymous_1)","decl":{"start":{"line":25,"column":10},"end":{"line":25,"column":20}},"loc":{"start":{"line":25,"column":31},"end":{"line":51,"column":3}}},"2":{"name":"(anonymous_2)","decl":{"start":{"line":53,"column":10},"end":{"line":53,"column":20}},"loc":{"start":{"line":53,"column":36},"end":{"line":55,"column":3}}}},"branchMap":{"0":{"loc":{"start":{"line":31,"column":4},"end":{"line":38,"column":5}},"type":"if","locations":[{"start":{"line":31,"column":4},"end":{"line":38,"column":5}},{"start":{"line":34,"column":11},"end":{"line":38,"column":5}}]},"1":{"loc":{"start":{"line":34,"column":11},"end":{"line":38,"column":5}},"type":"if","locations":[{"start":{"line":34,"column":11},"end":{"line":38,"column":5}},{"start":{"line":36,"column":11},"end":{"line":38,"column":5}}]},"2":{"loc":{"start":{"line":36,"column":11},"end":{"line":38,"column":5}},"type":"if","locations":[{"start":{"line":36,"column":11},"end":{"line":38,"column":5}},{"start":{},"end":{}}]},"3":{"loc":{"start":{"line":36,"column":15},"end":{"line":36,"column":37}},"type":"binary-expr","locations":[{"start":{"line":36,"column":15},"end":{"line":36,"column":20}},{"start":{"line":36,"column":24},"end":{"line":36,"column":37}}]},"4":{"loc":{"start":{"line":40,"column":4},"end":{"line":42,"column":5}},"type":"if","locations":[{"start":{"line":40,"column":4},"end":{"line":42,"column":5}},{"start":{},"end":{}}]},"5":{"loc":{"start":{"line":43,"column":4},"end":{"line":45,"column":5}},"type":"if","locations":[{"start":{"line":43,"column":4},"end":{"line":45,"column":5}},{"start":{},"end":{}}]},"6":{"loc":{"start":{"line":46,"column":4},"end":{"line":48,"column":5}},"type":"if","locations":[{"start":{"line":46,"column":4},"end":{"line":48,"column":5}},{"start":{},"end":{}}]}},"s":{"0":1,"1":1,"2":1,"3":7,"4":6,"5":6,"6":6,"7":6,"8":6,"9":4,"10":4,"11":2,"12":1,"13":1,"14":0,"15":6,"16":2,"17":6,"18":1,"19":6,"20":1,"21":6,"22":6,"23":1,"24":1},"f":{"0":6,"1":6,"2":6},"b":{"0":[4,2],"1":[1,1],"2":[0,1],"3":[1,1],"4":[2,4],"5":[1,5],"6":[1,5]}}
,"/Users/gdhanasekar/Documents/New project/client-management-frontend/src/app/core/services/logger.service.ts": {"path":"/Users/gdhanasekar/Documents/New project/client-management-frontend/src/app/core/services/logger.service.ts","statementMap":{"0":{"start":{"line":1,"column":0},"end":{"line":1,"column":43}},"1":{"start":{"line":3,"column":0},"end":{"line":3,"column":null}},"2":{"start":{"line":4,"column":2},"end":{"line":4,"column":null}},"3":{"start":{"line":5,"column":2},"end":{"line":5,"column":null}},"4":{"start":{"line":6,"column":2},"end":{"line":6,"column":null}},"5":{"start":{"line":7,"column":2},"end":{"line":7,"column":null}},"6":{"start":{"line":14,"column":31},"end":{"line":14,"column":45}},"7":{"start":{"line":22,"column":4},"end":{"line":24,"column":5}},"8":{"start":{"line":23,"column":6},"end":{"line":23,"column":90}},"9":{"start":{"line":28,"column":4},"end":{"line":30,"column":5}},"10":{"start":{"line":29,"column":6},"end":{"line":29,"column":88}},"11":{"start":{"line":34,"column":4},"end":{"line":36,"column":5}},"12":{"start":{"line":35,"column":6},"end":{"line":35,"column":88}},"13":{"start":{"line":40,"column":4},"end":{"line":42,"column":5}},"14":{"start":{"line":41,"column":6},"end":{"line":41,"column":88}},"15":{"start":{"line":46,"column":4},"end":{"line":46,"column":26}},"16":{"start":{"line":13,"column":13},"end":{"line":13,"column":26}},"17":{"start":{"line":13,"column":13},"end":{"line":48,"column":null}}},"fnMap":{"0":{"name":"(anonymous_0)","decl":{"start":{"line":3,"column":0},"end":{"line":3,"column":12}},"loc":{"start":{"line":3,"column":20},"end":{"line":8,"column":1}}},"1":{"name":"(anonymous_1)","decl":{"start":{"line":16,"column":2},"end":{"line":16,"column":null}},"loc":{"start":{"line":16,"column":2},"end":{"line":19,"column":3}}},"2":{"name":"(anonymous_2)","decl":{"start":{"line":21,"column":2},"end":{"line":21,"column":7}},"loc":{"start":{"line":21,"column":49},"end":{"line":25,"column":3}}},"3":{"name":"(anonymous_3)","decl":{"start":{"line":27,"column":2},"end":{"line":27,"column":6}},"loc":{"start":{"line":27,"column":48},"end":{"line":31,"column":3}}},"4":{"name":"(anonymous_4)","decl":{"start":{"line":33,"column":2},"end":{"line":33,"column":6}},"loc":{"start":{"line":33,"column":48},"end":{"line":37,"column":3}}},"5":{"name":"(anonymous_5)","decl":{"start":{"line":39,"column":2},"end":{"line":39,"column":7}},"loc":{"start":{"line":39,"column":49},"end":{"line":43,"column":3}}},"6":{"name":"(anonymous_6)","decl":{"start":{"line":45,"column":2},"end":{"line":45,"column":13}},"loc":{"start":{"line":45,"column":29},"end":{"line":47,"column":3}}}},"branchMap":{"0":{"loc":{"start":{"line":3,"column":12},"end":{"line":3,"column":null}},"type":"binary-expr","locations":[{"start":{"line":3,"column":12},"end":{"line":3,"column":20}},{"start":{"line":3,"column":20},"end":{"line":3,"column":null}}]},"1":{"loc":{"start":{"line":22,"column":4},"end":{"line":24,"column":5}},"type":"if","locations":[{"start":{"line":22,"column":4},"end":{"line":24,"column":5}},{"start":{},"end":{}}]},"2":{"loc":{"start":{"line":28,"column":4},"end":{"line":30,"column":5}},"type":"if","locations":[{"start":{"line":28,"column":4},"end":{"line":30,"column":5}},{"start":{},"end":{}}]},"3":{"loc":{"start":{"line":34,"column":4},"end":{"line":36,"column":5}},"type":"if","locations":[{"start":{"line":34,"column":4},"end":{"line":36,"column":5}},{"start":{},"end":{}}]},"4":{"loc":{"start":{"line":40,"column":4},"end":{"line":42,"column":5}},"type":"if","locations":[{"start":{"line":40,"column":4},"end":{"line":42,"column":5}},{"start":{},"end":{}}]}},"s":{"0":7,"1":7,"2":7,"3":7,"4":7,"5":7,"6":20,"7":10,"8":10,"9":3,"10":2,"11":18,"12":16,"13":3,"14":1,"15":2,"16":7,"17":7},"f":{"0":7,"1":20,"2":10,"3":3,"4":18,"5":3,"6":2},"b":{"0":[7,7],"1":[10,0],"2":[2,1],"3":[16,2],"4":[1,2]}}
,"/Users/gdhanasekar/Documents/New project/client-management-frontend/src/app/core/services/notification.service.ts": {"path":"/Users/gdhanasekar/Documents/New project/client-management-frontend/src/app/core/services/notification.service.ts","statementMap":{"0":{"start":{"line":1,"column":0},"end":{"line":1,"column":51}},"1":{"start":{"line":13,"column":7},"end":{"line":54,"column":null}},"2":{"start":{"line":14,"column":18},"end":{"line":14,"column":44}},"3":{"start":{"line":17,"column":4},"end":{"line":17,"column":44}},"4":{"start":{"line":21,"column":4},"end":{"line":21,"column":42}},"5":{"start":{"line":25,"column":4},"end":{"line":25,"column":41}},"6":{"start":{"line":29,"column":4},"end":{"line":29,"column":44}},"7":{"start":{"line":33,"column":15},"end":{"line":33,"column":57}},"8":{"start":{"line":34,"column":39},"end":{"line":34,"column":70}},"9":{"start":{"line":36,"column":4},"end":{"line":36,"column":81}},"10":{"start":{"line":36,"column":47},"end":{"line":36,"column":79}},"11":{"start":{"line":38,"column":4},"end":{"line":42,"column":5}},"12":{"start":{"line":39,"column":6},"end":{"line":41,"column":19}},"13":{"start":{"line":40,"column":8},"end":{"line":40,"column":24}},"14":{"start":{"line":46,"column":4},"end":{"line":48,"column":6}},"15":{"start":{"line":47,"column":6},"end":{"line":47,"column":44}},"16":{"start":{"line":47,"column":32},"end":{"line":47,"column":43}},"17":{"start":{"line":52,"column":4},"end":{"line":52,"column":31}},"18":{"start":{"line":13,"column":13},"end":{"line":13,"column":32}},"19":{"start":{"line":13,"column":13},"end":{"line":54,"column":null}}},"fnMap":{"0":{"name":"(anonymous_0)","decl":{"start":{"line":16,"column":2},"end":{"line":16,"column":9}},"loc":{"start":{"line":16,"column":50},"end":{"line":18,"column":3}}},"1":{"name":"(anonymous_1)","decl":{"start":{"line":20,"column":2},"end":{"line":20,"column":7}},"loc":{"start":{"line":20,"column":48},"end":{"line":22,"column":3}}},"2":{"name":"(anonymous_2)","decl":{"start":{"line":24,"column":2},"end":{"line":24,"column":6}},"loc":{"start":{"line":24,"column":47},"end":{"line":26,"column":3}}},"3":{"name":"(anonymous_3)","decl":{"start":{"line":28,"column":2},"end":{"line":28,"column":9}},"loc":{"start":{"line":28,"column":50},"end":{"line":30,"column":3}}},"4":{"name":"(anonymous_4)","decl":{"start":{"line":32,"column":10},"end":{"line":32,"column":14}},"loc":{"start":{"line":32,"column":76},"end":{"line":43,"column":3}}},"5":{"name":"(anonymous_5)","decl":{"start":{"line":36,"column":30},"end":{"line":36,"column":43}},"loc":{"start":{"line":36,"column":47},"end":{"line":36,"column":79}}},"6":{"name":"(anonymous_6)","decl":{"start":{"line":39,"column":17},"end":{"line":39,"column":20}},"loc":{"start":{"line":39,"column":22},"end":{"line":41,"column":7}}},"7":{"name":"(anonymous_7)","decl":{"start":{"line":45,"column":2},"end":{"line":45,"column":8}},"loc":{"start":{"line":45,"column":19},"end":{"line":49,"column":3}}},"8":{"name":"(anonymous_8)","decl":{"start":{"line":46,"column":30},"end":{"line":46,"column":43}},"loc":{"start":{"line":47,"column":6},"end":{"line":47,"column":44}}},"9":{"name":"(anonymous_9)","decl":{"start":{"line":47,"column":27},"end":{"line":47,"column":28}},"loc":{"start":{"line":47,"column":32},"end":{"line":47,"column":43}}},"10":{"name":"(anonymous_10)","decl":{"start":{"line":51,"column":2},"end":{"line":51,"column":7}},"loc":{"start":{"line":51,"column":7},"end":{"line":53,"column":3}}}},"branchMap":{"0":{"loc":{"start":{"line":16,"column":27},"end":{"line":16,"column":50}},"type":"default-arg","locations":[{"start":{"line":16,"column":46},"end":{"line":16,"column":50}}]},"1":{"loc":{"start":{"line":20,"column":25},"end":{"line":20,"column":48}},"type":"default-arg","locations":[{"start":{"line":20,"column":44},"end":{"line":20,"column":48}}]},"2":{"loc":{"start":{"line":24,"column":24},"end":{"line":24,"column":47}},"type":"default-arg","locations":[{"start":{"line":24,"column":43},"end":{"line":24,"column":47}}]},"3":{"loc":{"start":{"line":28,"column":27},"end":{"line":28,"column":50}},"type":"default-arg","locations":[{"start":{"line":28,"column":46},"end":{"line":28,"column":50}}]},"4":{"loc":{"start":{"line":38,"column":4},"end":{"line":42,"column":5}},"type":"if","locations":[{"start":{"line":38,"column":4},"end":{"line":42,"column":5}},{"start":{},"end":{}}]}},"s":{"0":5,"1":5,"2":15,"3":9,"4":4,"5":2,"6":2,"7":17,"8":17,"9":17,"10":17,"11":17,"12":17,"13":1,"14":3,"15":3,"16":4,"17":1,"18":5,"19":5},"f":{"0":9,"1":4,"2":2,"3":2,"4":17,"5":17,"6":1,"7":3,"8":3,"9":4,"10":1},"b":{"0":[8],"1":[4],"2":[2],"3":[2],"4":[17,0]}}
,"/Users/gdhanasekar/Documents/New project/client-management-frontend/src/app/services/client-modal.service.ts": {"path":"/Users/gdhanasekar/Documents/New project/client-management-frontend/src/app/services/client-modal.service.ts","statementMap":{"0":{"start":{"line":1,"column":0},"end":{"line":1,"column":51}},"1":{"start":{"line":2,"column":0},"end":{"line":2,"column":31}},"2":{"start":{"line":7,"column":7},"end":{"line":29,"column":null}},"3":{"start":{"line":8,"column":11},"end":{"line":8,"column":24}},"4":{"start":{"line":9,"column":13},"end":{"line":9,"column":40}},"5":{"start":{"line":11,"column":33},"end":{"line":11,"column":54}},"6":{"start":{"line":12,"column":19},"end":{"line":12,"column":59}},"7":{"start":{"line":15,"column":4},"end":{"line":15,"column":32}},"8":{"start":{"line":16,"column":4},"end":{"line":16,"column":26}},"9":{"start":{"line":17,"column":4},"end":{"line":17,"column":44}},"10":{"start":{"line":21,"column":4},"end":{"line":21,"column":27}},"11":{"start":{"line":22,"column":4},"end":{"line":22,"column":28}},"12":{"start":{"line":23,"column":4},"end":{"line":23,"column":38}},"13":{"start":{"line":27,"column":4},"end":{"line":27,"column":45}},"14":{"start":{"line":7,"column":13},"end":{"line":7,"column":31}},"15":{"start":{"line":7,"column":13},"end":{"line":29,"column":null}}},"fnMap":{"0":{"name":"(anonymous_0)","decl":{"start":{"line":14,"column":2},"end":{"line":14,"column":6}},"loc":{"start":{"line":14,"column":23},"end":{"line":18,"column":3}}},"1":{"name":"(anonymous_1)","decl":{"start":{"line":20,"column":2},"end":{"line":20,"column":7}},"loc":{"start":{"line":20,"column":7},"end":{"line":24,"column":3}}},"2":{"name":"(anonymous_2)","decl":{"start":{"line":26,"column":2},"end":{"line":26,"column":21}},"loc":{"start":{"line":26,"column":38},"end":{"line":28,"column":3}}}},"branchMap":{},"s":{"0":3,"1":3,"2":3,"3":42,"4":42,"5":42,"6":42,"7":2,"8":2,"9":2,"10":1,"11":1,"12":1,"13":1,"14":3,"15":3},"f":{"0":2,"1":1,"2":1},"b":{}}
,"/Users/gdhanasekar/Documents/New project/client-management-frontend/src/app/services/client.service.ts": {"path":"/Users/gdhanasekar/Documents/New project/client-management-frontend/src/app/services/client.service.ts","statementMap":{"0":{"start":{"line":1,"column":0},"end":{"line":1,"column":51}},"1":{"start":{"line":2,"column":0},"end":{"line":2,"column":62}},"2":{"start":{"line":3,"column":0},"end":{"line":3,"column":80}},"3":{"start":{"line":5,"column":0},"end":{"line":5,"column":61}},"4":{"start":{"line":6,"column":0},"end":{"line":6,"column":64}},"5":{"start":{"line":11,"column":7},"end":{"line":116,"column":null}},"6":{"start":{"line":12,"column":17},"end":{"line":12,"column":35}},"7":{"start":{"line":13,"column":19},"end":{"line":13,"column":40}},"8":{"start":{"line":15,"column":28},"end":{"line":15,"column":86}},"9":{"start":{"line":17,"column":27},"end":{"line":17,"column":60}},"10":{"start":{"line":18,"column":20},"end":{"line":18,"column":54}},"11":{"start":{"line":28,"column":4},"end":{"line":28,"column":98}},"12":{"start":{"line":30,"column":17},"end":{"line":33,"column":34}},"13":{"start":{"line":35,"column":4},"end":{"line":37,"column":5}},"14":{"start":{"line":36,"column":6},"end":{"line":36,"column":46}},"15":{"start":{"line":39,"column":4},"end":{"line":41,"column":5}},"16":{"start":{"line":40,"column":6},"end":{"line":40,"column":51}},"17":{"start":{"line":43,"column":4},"end":{"line":53,"column":6}},"18":{"start":{"line":45,"column":8},"end":{"line":45,"column":59}},"19":{"start":{"line":46,"column":8},"end":{"line":46,"column":51}},"20":{"start":{"line":47,"column":8},"end":{"line":47,"column":92}},"21":{"start":{"line":50,"column":8},"end":{"line":50,"column":59}},"22":{"start":{"line":51,"column":8},"end":{"line":51,"column":39}},"23":{"start":{"line":51,"column":32},"end":{"line":51,"column":37}},"24":{"start":{"line":58,"column":4},"end":{"line":58,"column":55}},"25":{"start":{"line":59,"column":4},"end":{"line":65,"column":6}},"26":{"start":{"line":60,"column":20},"end":{"line":60,"column":64}},"27":{"start":{"line":62,"column":8},"end":{"line":62,"column":64}},"28":{"start":{"line":63,"column":8},"end":{"line":63,"column":39}},"29":{"start":{"line":63,"column":32},"end":{"line":63,"column":37}},"30":{"start":{"line":69,"column":4},"end":{"line":69,"column":52}},"31":{"start":{"line":70,"column":4},"end":{"line":80,"column":6}},"32":{"start":{"line":72,"column":31},"end":{"line":72,"column":56}},"33":{"start":{"line":73,"column":8},"end":{"line":73,"column":65}},"34":{"start":{"line":74,"column":8},"end":{"line":74,"column":67}},"35":{"start":{"line":77,"column":8},"end":{"line":77,"column":58}},"36":{"start":{"line":78,"column":8},"end":{"line":78,"column":39}},"37":{"start":{"line":78,"column":32},"end":{"line":78,"column":37}},"38":{"start":{"line":84,"column":4},"end":{"line":84,"column":54}},"39":{"start":{"line":85,"column":4},"end":{"line":99,"column":6}},"40":{"start":{"line":87,"column":31},"end":{"line":87,"column":56}},"41":{"start":{"line":88,"column":22},"end":{"line":88,"column":64}},"42":{"start":{"line":88,"column":52},"end":{"line":88,"column":63}},"43":{"start":{"line":89,"column":8},"end":{"line":92,"column":9}},"44":{"start":{"line":90,"column":10},"end":{"line":90,"column":48}},"45":{"start":{"line":91,"column":10},"end":{"line":91,"column":56}},"46":{"start":{"line":93,"column":8},"end":{"line":93,"column":71}},"47":{"start":{"line":96,"column":8},"end":{"line":96,"column":64}},"48":{"start":{"line":97,"column":8},"end":{"line":97,"column":39}},"49":{"start":{"line":97,"column":32},"end":{"line":97,"column":37}},"50":{"start":{"line":103,"column":4},"end":{"line":103,"column":46}},"51":{"start":{"line":104,"column":4},"end":{"line":114,"column":6}},"52":{"start":{"line":106,"column":31},"end":{"line":106,"column":56}},"53":{"start":{"line":107,"column":8},"end":{"line":107,"column":74}},"54":{"start":{"line":107,"column":60},"end":{"line":107,"column":71}},"55":{"start":{"line":108,"column":8},"end":{"line":108,"column":62}},"56":{"start":{"line":111,"column":8},"end":{"line":111,"column":64}},"57":{"start":{"line":112,"column":8},"end":{"line":112,"column":39}},"58":{"start":{"line":112,"column":32},"end":{"line":112,"column":37}},"59":{"start":{"line":11,"column":13},"end":{"line":11,"column":26}},"60":{"start":{"line":11,"column":13},"end":{"line":116,"column":null}}},"fnMap":{"0":{"name":"(anonymous_0)","decl":{"start":{"line":21,"column":2},"end":{"line":21,"column":12}},"loc":{"start":{"line":26,"column":19},"end":{"line":54,"column":3}}},"1":{"name":"(anonymous_1)","decl":{"start":{"line":44,"column":10},"end":{"line":44,"column":18}},"loc":{"start":{"line":44,"column":21},"end":{"line":48,"column":7}}},"2":{"name":"(anonymous_2)","decl":{"start":{"line":49,"column":17},"end":{"line":49,"column":22}},"loc":{"start":{"line":49,"column":25},"end":{"line":52,"column":7}}},"3":{"name":"(anonymous_3)","decl":{"start":{"line":51,"column":26},"end":{"line":51,"column":29}},"loc":{"start":{"line":51,"column":32},"end":{"line":51,"column":37}}},"4":{"name":"(anonymous_4)","decl":{"start":{"line":57,"column":2},"end":{"line":57,"column":15}},"loc":{"start":{"line":57,"column":26},"end":{"line":66,"column":3}}},"5":{"name":"(anonymous_5)","decl":{"start":{"line":60,"column":10},"end":{"line":60,"column":16}},"loc":{"start":{"line":60,"column":20},"end":{"line":60,"column":64}}},"6":{"name":"(anonymous_6)","decl":{"start":{"line":61,"column":17},"end":{"line":61,"column":22}},"loc":{"start":{"line":61,"column":25},"end":{"line":64,"column":7}}},"7":{"name":"(anonymous_7)","decl":{"start":{"line":63,"column":26},"end":{"line":63,"column":29}},"loc":{"start":{"line":63,"column":32},"end":{"line":63,"column":37}}},"8":{"name":"(anonymous_8)","decl":{"start":{"line":68,"column":2},"end":{"line":68,"column":14}},"loc":{"start":{"line":68,"column":29},"end":{"line":81,"column":3}}},"9":{"name":"(anonymous_9)","decl":{"start":{"line":71,"column":10},"end":{"line":71,"column":19}},"loc":{"start":{"line":71,"column":22},"end":{"line":75,"column":7}}},"10":{"name":"(anonymous_10)","decl":{"start":{"line":76,"column":17},"end":{"line":76,"column":22}},"loc":{"start":{"line":76,"column":25},"end":{"line":79,"column":7}}},"11":{"name":"(anonymous_11)","decl":{"start":{"line":78,"column":26},"end":{"line":78,"column":29}},"loc":{"start":{"line":78,"column":32},"end":{"line":78,"column":37}}},"12":{"name":"(anonymous_12)","decl":{"start":{"line":83,"column":2},"end":{"line":83,"column":14}},"loc":{"start":{"line":83,"column":41},"end":{"line":100,"column":3}}},"13":{"name":"(anonymous_13)","decl":{"start":{"line":86,"column":10},"end":{"line":86,"column":23}},"loc":{"start":{"line":86,"column":26},"end":{"line":94,"column":7}}},"14":{"name":"(anonymous_14)","decl":{"start":{"line":88,"column":47},"end":{"line":88,"column":48}},"loc":{"start":{"line":88,"column":52},"end":{"line":88,"column":63}}},"15":{"name":"(anonymous_15)","decl":{"start":{"line":95,"column":17},"end":{"line":95,"column":22}},"loc":{"start":{"line":95,"column":25},"end":{"line":98,"column":7}}},"16":{"name":"(anonymous_16)","decl":{"start":{"line":97,"column":26},"end":{"line":97,"column":29}},"loc":{"start":{"line":97,"column":32},"end":{"line":97,"column":37}}},"17":{"name":"(anonymous_17)","decl":{"start":{"line":102,"column":2},"end":{"line":102,"column":14}},"loc":{"start":{"line":102,"column":25},"end":{"line":115,"column":3}}},"18":{"name":"(anonymous_18)","decl":{"start":{"line":105,"column":10},"end":{"line":105,"column":13}},"loc":{"start":{"line":105,"column":15},"end":{"line":109,"column":7}}},"19":{"name":"(anonymous_19)","decl":{"start":{"line":107,"column":55},"end":{"line":107,"column":56}},"loc":{"start":{"line":107,"column":60},"end":{"line":107,"column":71}}},"20":{"name":"(anonymous_20)","decl":{"start":{"line":110,"column":17},"end":{"line":110,"column":22}},"loc":{"start":{"line":110,"column":25},"end":{"line":113,"column":7}}},"21":{"name":"(anonymous_21)","decl":{"start":{"line":112,"column":26},"end":{"line":112,"column":29}},"loc":{"start":{"line":112,"column":32},"end":{"line":112,"column":37}}}},"branchMap":{"0":{"loc":{"start":{"line":22,"column":4},"end":{"line":22,"column":20}},"type":"default-arg","locations":[{"start":{"line":22,"column":19},"end":{"line":22,"column":20}}]},"1":{"loc":{"start":{"line":23,"column":4},"end":{"line":23,"column":21}},"type":"default-arg","locations":[{"start":{"line":23,"column":19},"end":{"line":23,"column":21}}]},"2":{"loc":{"start":{"line":25,"column":4},"end":{"line":25,"column":37}},"type":"default-arg","locations":[{"start":{"line":25,"column":32},"end":{"line":25,"column":37}}]},"3":{"loc":{"start":{"line":35,"column":4},"end":{"line":37,"column":5}},"type":"if","locations":[{"start":{"line":35,"column":4},"end":{"line":37,"column":5}},{"start":{},"end":{}}]},"4":{"loc":{"start":{"line":39,"column":4},"end":{"line":41,"column":5}},"type":"if","locations":[{"start":{"line":39,"column":4},"end":{"line":41,"column":5}},{"start":{},"end":{}}]},"5":{"loc":{"start":{"line":39,"column":8},"end":{"line":39,"column":31}},"type":"binary-expr","locations":[{"start":{"line":39,"column":8},"end":{"line":39,"column":14}},{"start":{"line":39,"column":18},"end":{"line":39,"column":31}}]},"6":{"loc":{"start":{"line":89,"column":8},"end":{"line":92,"column":9}},"type":"if","locations":[{"start":{"line":89,"column":8},"end":{"line":92,"column":9}},{"start":{},"end":{}}]}},"s":{"0":4,"1":4,"2":4,"3":4,"4":4,"5":4,"6":11,"7":11,"8":11,"9":11,"10":11,"11":2,"12":2,"13":2,"14":1,"15":2,"16":1,"17":2,"18":1,"19":1,"20":1,"21":1,"22":1,"23":1,"24":2,"25":2,"26":1,"27":1,"28":1,"29":1,"30":2,"31":2,"32":1,"33":1,"34":1,"35":1,"36":1,"37":1,"38":2,"39":2,"40":1,"41":1,"42":0,"43":1,"44":0,"45":0,"46":1,"47":1,"48":1,"49":1,"50":2,"51":2,"52":1,"53":1,"54":0,"55":1,"56":1,"57":1,"58":1,"59":4,"60":4},"f":{"0":2,"1":1,"2":1,"3":1,"4":2,"5":1,"6":1,"7":1,"8":2,"9":1,"10":1,"11":1,"12":2,"13":1,"14":0,"15":1,"16":1,"17":2,"18":1,"19":0,"20":1,"21":1},"b":{"0":[1],"1":[1],"2":[1],"3":[1,1],"4":[1,1],"5":[2,1],"6":[0,1]}}
,"/Users/gdhanasekar/Documents/New project/client-management-frontend/src/app/services/confirmation-modal.service.ts": {"path":"/Users/gdhanasekar/Documents/New project/client-management-frontend/src/app/services/confirmation-modal.service.ts","statementMap":{"0":{"start":{"line":1,"column":0},"end":{"line":1,"column":51}},"1":{"start":{"line":13,"column":7},"end":{"line":49,"column":null}},"2":{"start":{"line":14,"column":11},"end":{"line":14,"column":24}},"3":{"start":{"line":15,"column":10},"end":{"line":15,"column":20}},"4":{"start":{"line":16,"column":12},"end":{"line":16,"column":22}},"5":{"start":{"line":17,"column":16},"end":{"line":17,"column":33}},"6":{"start":{"line":18,"column":15},"end":{"line":18,"column":31}},"7":{"start":{"line":23,"column":4},"end":{"line":23,"column":34}},"8":{"start":{"line":24,"column":4},"end":{"line":24,"column":38}},"9":{"start":{"line":25,"column":4},"end":{"line":25,"column":59}},"10":{"start":{"line":26,"column":4},"end":{"line":26,"column":56}},"11":{"start":{"line":27,"column":4},"end":{"line":27,"column":26}},"12":{"start":{"line":29,"column":4},"end":{"line":31,"column":7}},"13":{"start":{"line":30,"column":6},"end":{"line":30,"column":37}},"14":{"start":{"line":35,"column":4},"end":{"line":35,"column":27}},"15":{"start":{"line":36,"column":4},"end":{"line":39,"column":5}},"16":{"start":{"line":37,"column":6},"end":{"line":37,"column":33}},"17":{"start":{"line":38,"column":6},"end":{"line":38,"column":39}},"18":{"start":{"line":43,"column":4},"end":{"line":43,"column":27}},"19":{"start":{"line":44,"column":4},"end":{"line":47,"column":5}},"20":{"start":{"line":45,"column":6},"end":{"line":45,"column":34}},"21":{"start":{"line":46,"column":6},"end":{"line":46,"column":39}},"22":{"start":{"line":13,"column":13},"end":{"line":13,"column":37}},"23":{"start":{"line":13,"column":13},"end":{"line":49,"column":null}}},"fnMap":{"0":{"name":"(anonymous_0)","decl":{"start":{"line":22,"column":2},"end":{"line":22,"column":6}},"loc":{"start":{"line":22,"column":40},"end":{"line":32,"column":3}}},"1":{"name":"(anonymous_1)","decl":{"start":{"line":29,"column":32},"end":{"line":29,"column":33}},"loc":{"start":{"line":29,"column":44},"end":{"line":31,"column":5}}},"2":{"name":"(anonymous_2)","decl":{"start":{"line":34,"column":2},"end":{"line":34,"column":9}},"loc":{"start":{"line":34,"column":9},"end":{"line":40,"column":3}}},"3":{"name":"(anonymous_3)","decl":{"start":{"line":42,"column":2},"end":{"line":42,"column":8}},"loc":{"start":{"line":42,"column":8},"end":{"line":48,"column":3}}}},"branchMap":{"0":{"loc":{"start":{"line":25,"column":25},"end":{"line":25,"column":57}},"type":"binary-expr","locations":[{"start":{"line":25,"column":25},"end":{"line":25,"column":44}},{"start":{"line":25,"column":48},"end":{"line":25,"column":57}}]},"1":{"loc":{"start":{"line":26,"column":24},"end":{"line":26,"column":54}},"type":"binary-expr","locations":[{"start":{"line":26,"column":24},"end":{"line":26,"column":42}},{"start":{"line":26,"column":46},"end":{"line":26,"column":54}}]},"2":{"loc":{"start":{"line":36,"column":4},"end":{"line":39,"column":5}},"type":"if","locations":[{"start":{"line":36,"column":4},"end":{"line":39,"column":5}},{"start":{},"end":{}}]},"3":{"loc":{"start":{"line":44,"column":4},"end":{"line":47,"column":5}},"type":"if","locations":[{"start":{"line":44,"column":4},"end":{"line":47,"column":5}},{"start":{},"end":{}}]}},"s":{"0":4,"1":4,"2":15,"3":15,"4":15,"5":15,"6":15,"7":10,"8":10,"9":10,"10":10,"11":10,"12":10,"13":10,"14":2,"15":2,"16":2,"17":2,"18":4,"19":4,"20":4,"21":4,"22":4,"23":4},"f":{"0":10,"1":10,"2":2,"3":4},"b":{"0":[10,8],"1":[10,8],"2":[2,0],"3":[4,0]}}
}
