TN:
SF:src/app/app.ts
FNF:0
FNH:0
DA:1,1
DA:2,1
DA:3,1
DA:4,1
DA:5,1
DA:13,1
DA:14,2
LF:7
LH:7
BRF:0
BRH:0
end_of_record
TN:
SF:src/app/components/client-detail-modal/client-detail-modal.component.ts
FN:28,(anonymous_0)
FN:30,(anonymous_1)
FN:38,(anonymous_2)
FN:43,(anonymous_3)
FN:48,(anonymous_4)
FN:56,(anonymous_5)
FN:62,(anonymous_6)
FNF:7
FNH:7
FNDA:12,(anonymous_0)
FNDA:12,(anonymous_1)
FNDA:3,(anonymous_2)
FNDA:2,(anonymous_3)
FNDA:1,(anonymous_4)
FNDA:2,(anonymous_5)
FNDA:2,(anonymous_6)
DA:1,2
DA:2,2
DA:3,2
DA:4,2
DA:5,2
DA:7,2
DA:16,2
DA:17,12
DA:18,12
DA:19,12
DA:21,12
DA:22,12
DA:24,12
DA:25,12
DA:26,12
DA:30,12
DA:31,12
DA:32,12
DA:33,0
DA:39,3
DA:40,3
DA:42,3
DA:44,2
DA:45,2
DA:46,2
DA:49,1
DA:50,1
DA:51,1
DA:57,2
DA:58,2
DA:59,2
DA:63,2
DA:64,1
LF:33
LH:32
BRDA:32,0,0,0
BRDA:32,0,1,12
BRDA:32,1,0,12
BRDA:32,1,1,0
BRDA:63,2,0,1
BRDA:63,2,1,1
BRF:6
BRH:4
end_of_record
TN:
SF:src/app/components/client-form/client-form.component.ts
FN:32,(anonymous_0)
FN:34,(anonymous_1)
FN:42,(anonymous_2)
FN:53,(anonymous_3)
FN:62,(anonymous_4)
FN:65,(anonymous_5)
FN:70,(anonymous_6)
FN:78,(anonymous_7)
FN:96,(anonymous_8)
FN:98,(anonymous_9)
FN:103,(anonymous_10)
FN:111,(anonymous_11)
FN:113,(anonymous_12)
FN:118,(anonymous_13)
FN:126,(anonymous_14)
FN:127,(anonymous_15)
FN:133,(anonymous_16)
FN:138,(anonymous_17)
FN:157,(anonymous_18)
FN:161,(anonymous_19)
FNF:20
FNH:20
FNDA:24,(anonymous_0)
FNDA:24,(anonymous_1)
FNDA:24,(anonymous_2)
FNDA:24,(anonymous_3)
FNDA:5,(anonymous_4)
FNDA:4,(anonymous_5)
FNDA:1,(anonymous_6)
FNDA:8,(anonymous_7)
FNDA:4,(anonymous_8)
FNDA:3,(anonymous_9)
FNDA:1,(anonymous_10)
FNDA:2,(anonymous_11)
FNDA:1,(anonymous_12)
FNDA:1,(anonymous_13)
FNDA:2,(anonymous_14)
FNDA:12,(anonymous_15)
FNDA:483,(anonymous_16)
FNDA:4,(anonymous_17)
FNDA:1,(anonymous_18)
FNDA:5,(anonymous_19)
DA:1,1
DA:2,1
DA:3,1
DA:4,1
DA:5,1
DA:7,1
DA:8,1
DA:17,1
DA:18,26
DA:19,26
DA:20,26
DA:21,26
DA:22,26
DA:23,26
DA:26,26
DA:27,26
DA:28,26
DA:29,26
DA:30,26
DA:34,24
DA:35,24
DA:38,24
DA:39,24
DA:43,24
DA:54,24
DA:55,24
DA:56,5
DA:57,5
DA:58,5
DA:63,5
DA:64,5
DA:66,4
DA:67,4
DA:68,4
DA:71,1
DA:72,1
DA:73,1
DA:79,8
DA:80,2
DA:81,2
DA:84,6
DA:85,6
DA:87,6
DA:89,6
DA:90,2
DA:92,4
DA:97,4
DA:99,3
DA:100,3
DA:101,3
DA:104,1
DA:105,1
DA:106,1
DA:112,2
DA:114,1
DA:115,1
DA:116,1
DA:119,1
DA:120,1
DA:121,1
DA:127,2
DA:128,12
DA:129,12
DA:134,483
DA:135,483
DA:139,4
DA:140,4
DA:141,1
DA:144,3
DA:145,1
DA:147,2
DA:148,1
DA:150,1
DA:151,1
DA:154,0
DA:158,1
DA:162,5
LF:77
LH:76
BRDA:55,0,0,5
BRDA:55,0,1,19
BRDA:55,1,0,24
BRDA:55,1,1,6
BRDA:79,2,0,2
BRDA:79,2,1,6
BRDA:89,3,0,2
BRDA:89,3,1,4
BRDA:89,4,0,6
BRDA:89,4,1,2
BRDA:135,5,0,483
BRDA:135,5,1,483
BRDA:135,5,2,402
BRDA:140,6,0,1
BRDA:140,6,1,3
BRDA:140,7,0,4
BRDA:140,7,1,4
BRDA:140,7,2,3
BRDA:144,8,0,1
BRDA:144,8,1,2
BRDA:147,9,0,1
BRDA:147,9,1,1
BRDA:150,10,0,1
BRDA:150,10,1,0
BRF:24
BRH:23
end_of_record
TN:
SF:src/app/components/client-list/client-list.component.ts
FN:49,(anonymous_0)
FN:75,(anonymous_1)
FN:77,(anonymous_2)
FN:89,(anonymous_3)
FN:96,(anonymous_4)
FN:101,(anonymous_5)
FN:107,(anonymous_6)
FN:121,(anonymous_7)
FN:128,(anonymous_8)
FN:136,(anonymous_9)
FN:155,(anonymous_10)
FN:158,(anonymous_11)
FN:167,(anonymous_12)
FN:168,(anonymous_13)
FN:169,(anonymous_14)
FN:174,(anonymous_15)
FN:182,(anonymous_16)
FN:194,(anonymous_17)
FN:207,(anonymous_18)
FN:215,(anonymous_19)
FN:223,(anonymous_20)
FN:229,(anonymous_21)
FN:235,(anonymous_22)
FN:242,(anonymous_23)
FN:246,(anonymous_24)
FN:262,(anonymous_25)
FN:266,(anonymous_26)
FN:270,(anonymous_27)
FN:274,(anonymous_28)
FN:278,(anonymous_29)
FN:282,(anonymous_30)
FN:286,(anonymous_31)
FN:290,(anonymous_32)
FNF:33
FNH:23
FNDA:9,(anonymous_0)
FNDA:28,(anonymous_1)
FNDA:66,(anonymous_2)
FNDA:0,(anonymous_3)
FNDA:38,(anonymous_4)
FNDA:0,(anonymous_5)
FNDA:84,(anonymous_6)
FNDA:82,(anonymous_7)
FNDA:2,(anonymous_8)
FNDA:84,(anonymous_9)
FNDA:4,(anonymous_10)
FNDA:3,(anonymous_11)
FNDA:3,(anonymous_12)
FNDA:2,(anonymous_13)
FNDA:1,(anonymous_14)
FNDA:1,(anonymous_15)
FNDA:5,(anonymous_16)
FNDA:6,(anonymous_17)
FNDA:227,(anonymous_18)
FNDA:3,(anonymous_19)
FNDA:2,(anonymous_20)
FNDA:2,(anonymous_21)
FNDA:1,(anonymous_22)
FNDA:296,(anonymous_23)
FNDA:294,(anonymous_24)
FNDA:0,(anonymous_25)
FNDA:0,(anonymous_26)
FNDA:0,(anonymous_27)
FNDA:0,(anonymous_28)
FNDA:0,(anonymous_29)
FNDA:0,(anonymous_30)
FNDA:0,(anonymous_31)
FNDA:0,(anonymous_32)
DA:1,1
DA:2,1
DA:3,1
DA:4,1
DA:6,1
DA:7,1
DA:8,1
DA:9,1
DA:10,1
DA:11,1
DA:12,1
DA:21,1
DA:22,38
DA:23,38
DA:24,38
DA:25,38
DA:26,38
DA:27,38
DA:28,38
DA:33,38
DA:34,38
DA:35,38
DA:36,38
DA:39,38
DA:40,38
DA:41,38
DA:42,38
DA:45,38
DA:46,38
DA:49,38
DA:50,9
DA:51,9
DA:52,9
DA:55,9
DA:56,9
DA:59,9
DA:60,9
DA:62,9
DA:63,9
DA:66,9
DA:67,27
DA:70,9
DA:73,38
DA:77,28
DA:78,66
DA:79,66
DA:80,66
DA:81,66
DA:82,66
DA:84,66
DA:88,28
DA:91,0
DA:97,38
DA:98,38
DA:102,0
DA:103,0
DA:108,84
DA:109,84
DA:112,84
DA:114,84
DA:122,82
DA:123,82
DA:124,82
DA:125,82
DA:126,82
DA:129,2
DA:130,2
DA:131,2
DA:137,84
DA:144,84
DA:145,4
DA:148,84
DA:156,4
DA:158,3
DA:159,3
DA:161,3
DA:167,3
DA:168,2
DA:170,1
DA:171,1
DA:172,1
DA:175,1
DA:176,1
DA:177,1
DA:183,5
DA:184,5
DA:187,5
DA:188,3
DA:189,3
DA:195,6
DA:197,1
DA:200,5
DA:201,5
DA:203,6
DA:204,6
DA:208,227
DA:209,169
DA:211,58
DA:216,3
DA:217,3
DA:218,3
DA:219,3
DA:224,2
DA:225,1
DA:230,2
DA:231,1
DA:236,1
DA:237,1
DA:238,1
DA:239,1
DA:243,296
DA:247,294
DA:254,294
DA:255,0
DA:258,294
DA:263,0
DA:267,0
DA:271,0
DA:275,0
DA:279,0
DA:283,0
DA:287,0
DA:291,0
DA:292,0
DA:293,0
LF:125
LH:111
BRDA:59,0,0,9
BRDA:59,0,1,0
BRDA:62,1,0,9
BRDA:62,1,1,0
BRDA:78,2,0,38
BRDA:78,2,1,28
BRDA:79,3,0,38
BRDA:79,3,1,28
BRDA:80,4,0,66
BRDA:80,4,1,28
BRDA:81,5,0,1
BRDA:81,5,1,65
BRDA:82,6,0,66
BRDA:82,6,1,64
BRDA:102,7,0,0
BRDA:102,7,1,0
BRDA:144,8,0,4
BRDA:144,8,1,80
BRDA:156,9,0,1
BRDA:156,9,1,3
BRDA:159,10,0,3
BRDA:159,10,1,0
BRDA:187,11,0,3
BRDA:187,11,1,2
BRDA:187,12,0,5
BRDA:187,12,1,4
BRDA:195,13,0,1
BRDA:195,13,1,5
BRDA:197,14,0,1
BRDA:197,14,1,0
BRDA:208,15,0,169
BRDA:208,15,1,58
BRDA:211,16,0,57
BRDA:211,16,1,1
BRDA:216,17,0,3
BRDA:216,17,1,0
BRDA:216,18,0,3
BRDA:216,18,1,3
BRDA:224,19,0,1
BRDA:224,19,1,1
BRDA:230,20,0,1
BRDA:230,20,1,1
BRDA:243,21,0,296
BRDA:243,21,1,1
BRDA:254,22,0,0
BRDA:254,22,1,294
BRDA:263,23,0,0
BRDA:263,23,1,0
BRDA:267,24,0,0
BRDA:267,24,1,0
BRF:50
BRH:38
end_of_record
TN:
SF:src/app/components/confirmation-modal/confirmation-modal.component.ts
FN:20,(anonymous_0)
FN:24,(anonymous_1)
FN:28,(anonymous_2)
FNF:3
FNH:3
FNDA:1,(anonymous_0)
FNDA:2,(anonymous_1)
FNDA:1,(anonymous_2)
DA:1,2
DA:2,2
DA:3,2
DA:11,2
DA:12,11
DA:14,11
DA:15,11
DA:16,11
DA:17,11
DA:18,11
DA:21,1
DA:25,2
DA:29,1
DA:30,1
LF:14
LH:14
BRDA:29,0,0,1
BRDA:29,0,1,0
BRF:2
BRH:1
end_of_record
TN:
SF:src/app/core/components/notification/notification.component.ts
FNF:0
FNH:0
DA:1,2
DA:2,2
DA:3,2
DA:12,2
DA:13,6
LF:5
LH:5
BRF:0
BRH:0
end_of_record
TN:
SF:src/app/core/interceptors/http.interceptor.ts
FN:7,(anonymous_0)
FN:11,(anonymous_1)
FN:62,(anonymous_2)
FNF:3
FNH:3
FNDA:7,(anonymous_0)
FNDA:6,(anonymous_1)
FNDA:6,(anonymous_2)
DA:2,1
DA:3,1
DA:4,1
DA:5,1
DA:7,1
DA:8,7
DA:10,7
DA:12,6
DA:13,6
DA:15,6
DA:17,0
DA:18,0
DA:21,6
DA:23,6
DA:25,1
DA:26,1
DA:27,1
DA:29,1
DA:30,1
DA:32,1
DA:33,1
DA:35,1
DA:36,1
DA:38,1
DA:39,1
DA:41,1
DA:42,1
DA:44,0
DA:45,0
DA:47,0
DA:52,6
DA:61,6
DA:62,6
LF:33
LH:28
BRDA:15,0,0,0
BRDA:15,0,1,6
BRDA:23,1,0,1
BRDA:23,1,1,1
BRDA:23,1,2,1
BRDA:23,1,3,1
BRDA:23,1,4,1
BRDA:23,1,5,1
BRDA:23,1,6,0
BRDA:23,1,7,0
BRDA:29,2,0,1
BRDA:29,2,1,1
BRF:12
BRH:9
end_of_record
TN:
SF:src/app/core/models/error.model.ts
FN:10,(anonymous_0)
FN:18,(anonymous_1)
FNF:2
FNH:2
FNDA:2,(anonymous_0)
FNDA:7,(anonymous_1)
DA:10,2
DA:11,2
DA:12,2
DA:13,2
DA:14,2
DA:17,2
DA:19,7
DA:20,7
DA:21,7
DA:23,7
DA:24,7
DA:25,7
LF:12
LH:12
BRDA:10,0,0,2
BRDA:10,0,1,2
BRDA:20,1,0,0
BRF:3
BRH:2
end_of_record
TN:
SF:src/app/core/services/global-error-handler.service.ts
FN:11,(anonymous_0)
FN:25,(anonymous_1)
FN:53,(anonymous_2)
FNF:3
FNH:3
FNDA:6,(anonymous_0)
FNDA:6,(anonymous_1)
FNDA:6,(anonymous_2)
DA:1,1
DA:2,1
DA:8,1
DA:9,7
DA:12,6
DA:14,6
DA:22,6
DA:26,6
DA:31,6
DA:32,4
DA:33,4
DA:34,2
DA:35,1
DA:36,1
DA:37,0
DA:40,6
DA:41,2
DA:43,6
DA:44,1
DA:46,6
DA:47,1
DA:50,6
DA:54,6
LF:23
LH:22
BRDA:31,0,0,4
BRDA:31,0,1,2
BRDA:34,1,0,1
BRDA:34,1,1,1
BRDA:36,2,0,0
BRDA:36,2,1,1
BRDA:36,3,0,1
BRDA:36,3,1,1
BRDA:40,4,0,2
BRDA:40,4,1,4
BRDA:43,5,0,1
BRDA:43,5,1,5
BRDA:46,6,0,1
BRDA:46,6,1,5
BRF:14
BRH:13
end_of_record
TN:
SF:src/app/core/services/logger.service.ts
FN:3,(anonymous_0)
FN:16,(anonymous_1)
FN:21,(anonymous_2)
FN:27,(anonymous_3)
FN:33,(anonymous_4)
FN:39,(anonymous_5)
FN:45,(anonymous_6)
FNF:7
FNH:7
FNDA:7,(anonymous_0)
FNDA:20,(anonymous_1)
FNDA:10,(anonymous_2)
FNDA:3,(anonymous_3)
FNDA:18,(anonymous_4)
FNDA:3,(anonymous_5)
FNDA:2,(anonymous_6)
DA:1,7
DA:3,7
DA:4,7
DA:5,7
DA:6,7
DA:7,7
DA:13,7
DA:14,20
DA:22,10
DA:23,10
DA:28,3
DA:29,2
DA:34,18
DA:35,16
DA:40,3
DA:41,1
DA:46,2
LF:17
LH:17
BRDA:3,0,0,7
BRDA:3,0,1,7
BRDA:22,1,0,10
BRDA:22,1,1,0
BRDA:28,2,0,2
BRDA:28,2,1,1
BRDA:34,3,0,16
BRDA:34,3,1,2
BRDA:40,4,0,1
BRDA:40,4,1,2
BRF:10
BRH:9
end_of_record
TN:
SF:src/app/core/services/notification.service.ts
FN:16,(anonymous_0)
FN:20,(anonymous_1)
FN:24,(anonymous_2)
FN:28,(anonymous_3)
FN:32,(anonymous_4)
FN:36,(anonymous_5)
FN:39,(anonymous_6)
FN:45,(anonymous_7)
FN:46,(anonymous_8)
FN:47,(anonymous_9)
FN:51,(anonymous_10)
FNF:11
FNH:11
FNDA:9,(anonymous_0)
FNDA:4,(anonymous_1)
FNDA:2,(anonymous_2)
FNDA:2,(anonymous_3)
FNDA:17,(anonymous_4)
FNDA:17,(anonymous_5)
FNDA:1,(anonymous_6)
FNDA:3,(anonymous_7)
FNDA:3,(anonymous_8)
FNDA:4,(anonymous_9)
FNDA:1,(anonymous_10)
DA:1,5
DA:13,5
DA:14,15
DA:17,9
DA:21,4
DA:25,2
DA:29,2
DA:33,17
DA:34,17
DA:36,17
DA:38,17
DA:39,17
DA:40,1
DA:46,3
DA:47,4
DA:52,1
LF:16
LH:16
BRDA:16,0,0,8
BRDA:20,1,0,4
BRDA:24,2,0,2
BRDA:28,3,0,2
BRDA:38,4,0,17
BRDA:38,4,1,0
BRF:6
BRH:5
end_of_record
TN:
SF:src/app/services/client-modal.service.ts
FN:14,(anonymous_0)
FN:20,(anonymous_1)
FN:26,(anonymous_2)
FNF:3
FNH:3
FNDA:2,(anonymous_0)
FNDA:1,(anonymous_1)
FNDA:1,(anonymous_2)
DA:1,3
DA:2,3
DA:7,3
DA:8,42
DA:9,42
DA:11,42
DA:12,42
DA:15,2
DA:16,2
DA:17,2
DA:21,1
DA:22,1
DA:23,1
DA:27,1
LF:14
LH:14
BRF:0
BRH:0
end_of_record
TN:
SF:src/app/services/client.service.ts
FN:21,(anonymous_0)
FN:44,(anonymous_1)
FN:49,(anonymous_2)
FN:51,(anonymous_3)
FN:57,(anonymous_4)
FN:60,(anonymous_5)
FN:61,(anonymous_6)
FN:63,(anonymous_7)
FN:68,(anonymous_8)
FN:71,(anonymous_9)
FN:76,(anonymous_10)
FN:78,(anonymous_11)
FN:83,(anonymous_12)
FN:86,(anonymous_13)
FN:88,(anonymous_14)
FN:95,(anonymous_15)
FN:97,(anonymous_16)
FN:102,(anonymous_17)
FN:105,(anonymous_18)
FN:107,(anonymous_19)
FN:110,(anonymous_20)
FN:112,(anonymous_21)
FNF:22
FNH:20
FNDA:2,(anonymous_0)
FNDA:1,(anonymous_1)
FNDA:1,(anonymous_2)
FNDA:1,(anonymous_3)
FNDA:2,(anonymous_4)
FNDA:1,(anonymous_5)
FNDA:1,(anonymous_6)
FNDA:1,(anonymous_7)
FNDA:2,(anonymous_8)
FNDA:1,(anonymous_9)
FNDA:1,(anonymous_10)
FNDA:1,(anonymous_11)
FNDA:2,(anonymous_12)
FNDA:1,(anonymous_13)
FNDA:0,(anonymous_14)
FNDA:1,(anonymous_15)
FNDA:1,(anonymous_16)
FNDA:2,(anonymous_17)
FNDA:1,(anonymous_18)
FNDA:0,(anonymous_19)
FNDA:1,(anonymous_20)
FNDA:1,(anonymous_21)
DA:1,4
DA:2,4
DA:3,4
DA:5,4
DA:6,4
DA:11,4
DA:12,11
DA:13,11
DA:15,11
DA:17,11
DA:18,11
DA:28,2
DA:30,2
DA:35,2
DA:36,1
DA:39,2
DA:40,1
DA:43,2
DA:45,1
DA:46,1
DA:47,1
DA:50,1
DA:51,1
DA:58,2
DA:59,2
DA:60,1
DA:62,1
DA:63,1
DA:69,2
DA:70,2
DA:72,1
DA:73,1
DA:74,1
DA:77,1
DA:78,1
DA:84,2
DA:85,2
DA:87,1
DA:88,1
DA:89,1
DA:90,0
DA:91,0
DA:93,1
DA:96,1
DA:97,1
DA:103,2
DA:104,2
DA:106,1
DA:107,1
DA:108,1
DA:111,1
DA:112,1
LF:52
LH:50
BRDA:22,0,0,1
BRDA:23,1,0,1
BRDA:25,2,0,1
BRDA:35,3,0,1
BRDA:35,3,1,1
BRDA:39,4,0,1
BRDA:39,4,1,1
BRDA:39,5,0,2
BRDA:39,5,1,1
BRDA:89,6,0,0
BRDA:89,6,1,1
BRF:11
BRH:10
end_of_record
TN:
SF:src/app/services/confirmation-modal.service.ts
FN:22,(anonymous_0)
FN:29,(anonymous_1)
FN:34,(anonymous_2)
FN:42,(anonymous_3)
FNF:4
FNH:4
FNDA:10,(anonymous_0)
FNDA:10,(anonymous_1)
FNDA:2,(anonymous_2)
FNDA:4,(anonymous_3)
DA:1,4
DA:13,4
DA:14,15
DA:15,15
DA:16,15
DA:17,15
DA:18,15
DA:23,10
DA:24,10
DA:25,10
DA:26,10
DA:27,10
DA:29,10
DA:30,10
DA:35,2
DA:36,2
DA:37,2
DA:38,2
DA:43,4
DA:44,4
DA:45,4
DA:46,4
LF:22
LH:22
BRDA:25,0,0,10
BRDA:25,0,1,8
BRDA:26,1,0,10
BRDA:26,1,1,8
BRDA:36,2,0,2
BRDA:36,2,1,0
BRDA:44,3,0,4
BRDA:44,3,1,0
BRF:8
BRH:6
end_of_record
